  [1m[36m (23.5ms)[0m  [1mCREATE TABLE "schema_migrations" ("version" character varying NOT NULL) [0m
  [1m[35m (3.4ms)[0m  CREATE UNIQUE INDEX  "unique_schema_migrations" ON "schema_migrations"  ("version")
  [1m[36mActiveRecord::SchemaMigration Load (0.8ms)[0m  [1mSELECT "schema_migrations".* FROM "schema_migrations"[0m
Migrating to CreateUsers (20151017213251)
  [1m[35m (0.2ms)[0m  BEGIN
  [1m[36m (13.1ms)[0m  [1mCREATE TABLE "users" ("id" serial primary key, "email" character varying, "password_digest" character varying, "created_at" timestamp NOT NULL, "updated_at" timestamp NOT NULL) [0m
  [1m[35mSQL (0.7ms)[0m  INSERT INTO "schema_migrations" ("version") VALUES ($1)  [["version", "20151017213251"]]
  [1m[36m (0.7ms)[0m  [1mCOMMIT[0m
  [1m[35mActiveRecord::SchemaMigration Load (0.8ms)[0m  SELECT "schema_migrations".* FROM "schema_migrations"
  [1m[36m (5.3ms)[0m  [1mSELECT t2.oid::regclass::text AS to_table, a1.attname AS column, a2.attname AS primary_key, c.conname AS name, c.confupdtype AS on_update, c.confdeltype AS on_delete
FROM pg_constraint c
JOIN pg_class t1 ON c.conrelid = t1.oid
JOIN pg_class t2 ON c.confrelid = t2.oid
JOIN pg_attribute a1 ON a1.attnum = c.conkey[1] AND a1.attrelid = t1.oid
JOIN pg_attribute a2 ON a2.attnum = c.confkey[1] AND a2.attrelid = t2.oid
JOIN pg_namespace t3 ON c.connamespace = t3.oid
WHERE c.contype = 'f'
  AND t1.relname = 'users'
  AND t3.nspname = ANY (current_schemas(false))
ORDER BY c.conname
[0m
  [1m[36mActiveRecord::SchemaMigration Load (1.4ms)[0m  [1mSELECT "schema_migrations".* FROM "schema_migrations"[0m
Migrating to CreateSessions (20151017213855)
  [1m[35m (0.7ms)[0m  BEGIN
  [1m[36m (0.2ms)[0m  [1mROLLBACK[0m
  [1m[36mActiveRecord::SchemaMigration Load (0.6ms)[0m  [1mSELECT "schema_migrations".* FROM "schema_migrations"[0m
Migrating to CreateSessions (20151017213855)
  [1m[35m (0.3ms)[0m  BEGIN
  [1m[36m (44.7ms)[0m  [1mCREATE TABLE "sessions" ("id" serial primary key, "user_id" integer, "session_code" character varying, "ip_address" character varying, "is_active" boolean, "created_at" timestamp NOT NULL, "updated_at" timestamp NOT NULL) [0m
  [1m[35mSQL (3.6ms)[0m  INSERT INTO "schema_migrations" ("version") VALUES ($1)  [["version", "20151017213855"]]
  [1m[36m (2.6ms)[0m  [1mCOMMIT[0m
  [1m[35mActiveRecord::SchemaMigration Load (0.3ms)[0m  SELECT "schema_migrations".* FROM "schema_migrations"
  [1m[36m (6.7ms)[0m  [1mSELECT t2.oid::regclass::text AS to_table, a1.attname AS column, a2.attname AS primary_key, c.conname AS name, c.confupdtype AS on_update, c.confdeltype AS on_delete
FROM pg_constraint c
JOIN pg_class t1 ON c.conrelid = t1.oid
JOIN pg_class t2 ON c.confrelid = t2.oid
JOIN pg_attribute a1 ON a1.attnum = c.conkey[1] AND a1.attrelid = t1.oid
JOIN pg_attribute a2 ON a2.attnum = c.confkey[1] AND a2.attrelid = t2.oid
JOIN pg_namespace t3 ON c.connamespace = t3.oid
WHERE c.contype = 'f'
  AND t1.relname = 'sessions'
  AND t3.nspname = ANY (current_schemas(false))
ORDER BY c.conname
[0m
  [1m[35m (4.6ms)[0m  SELECT t2.oid::regclass::text AS to_table, a1.attname AS column, a2.attname AS primary_key, c.conname AS name, c.confupdtype AS on_update, c.confdeltype AS on_delete
FROM pg_constraint c
JOIN pg_class t1 ON c.conrelid = t1.oid
JOIN pg_class t2 ON c.confrelid = t2.oid
JOIN pg_attribute a1 ON a1.attnum = c.conkey[1] AND a1.attrelid = t1.oid
JOIN pg_attribute a2 ON a2.attnum = c.confkey[1] AND a2.attrelid = t2.oid
JOIN pg_namespace t3 ON c.connamespace = t3.oid
WHERE c.contype = 'f'
  AND t1.relname = 'users'
  AND t3.nspname = ANY (current_schemas(false))
ORDER BY c.conname

  [1m[36mActiveRecord::SchemaMigration Load (0.5ms)[0m  [1mSELECT "schema_migrations".* FROM "schema_migrations"[0m
  [1m[35mActiveRecord::SchemaMigration Load (0.5ms)[0m  SELECT "schema_migrations".* FROM "schema_migrations"
  [1m[36m (4.4ms)[0m  [1mSELECT t2.oid::regclass::text AS to_table, a1.attname AS column, a2.attname AS primary_key, c.conname AS name, c.confupdtype AS on_update, c.confdeltype AS on_delete
FROM pg_constraint c
JOIN pg_class t1 ON c.conrelid = t1.oid
JOIN pg_class t2 ON c.confrelid = t2.oid
JOIN pg_attribute a1 ON a1.attnum = c.conkey[1] AND a1.attrelid = t1.oid
JOIN pg_attribute a2 ON a2.attnum = c.confkey[1] AND a2.attrelid = t2.oid
JOIN pg_namespace t3 ON c.connamespace = t3.oid
WHERE c.contype = 'f'
  AND t1.relname = 'sessions'
  AND t3.nspname = ANY (current_schemas(false))
ORDER BY c.conname
[0m
  [1m[35m (3.7ms)[0m  SELECT t2.oid::regclass::text AS to_table, a1.attname AS column, a2.attname AS primary_key, c.conname AS name, c.confupdtype AS on_update, c.confdeltype AS on_delete
FROM pg_constraint c
JOIN pg_class t1 ON c.conrelid = t1.oid
JOIN pg_class t2 ON c.confrelid = t2.oid
JOIN pg_attribute a1 ON a1.attnum = c.conkey[1] AND a1.attrelid = t1.oid
JOIN pg_attribute a2 ON a2.attnum = c.confkey[1] AND a2.attrelid = t2.oid
JOIN pg_namespace t3 ON c.connamespace = t3.oid
WHERE c.contype = 'f'
  AND t1.relname = 'users'
  AND t3.nspname = ANY (current_schemas(false))
ORDER BY c.conname

  [1m[36mActiveRecord::SchemaMigration Load (0.5ms)[0m  [1mSELECT "schema_migrations".* FROM "schema_migrations"[0m
  [1m[35mActiveRecord::SchemaMigration Load (0.3ms)[0m  SELECT "schema_migrations".* FROM "schema_migrations"
  [1m[36m (4.8ms)[0m  [1mSELECT t2.oid::regclass::text AS to_table, a1.attname AS column, a2.attname AS primary_key, c.conname AS name, c.confupdtype AS on_update, c.confdeltype AS on_delete
FROM pg_constraint c
JOIN pg_class t1 ON c.conrelid = t1.oid
JOIN pg_class t2 ON c.confrelid = t2.oid
JOIN pg_attribute a1 ON a1.attnum = c.conkey[1] AND a1.attrelid = t1.oid
JOIN pg_attribute a2 ON a2.attnum = c.confkey[1] AND a2.attrelid = t2.oid
JOIN pg_namespace t3 ON c.connamespace = t3.oid
WHERE c.contype = 'f'
  AND t1.relname = 'sessions'
  AND t3.nspname = ANY (current_schemas(false))
ORDER BY c.conname
[0m
  [1m[35m (4.1ms)[0m  SELECT t2.oid::regclass::text AS to_table, a1.attname AS column, a2.attname AS primary_key, c.conname AS name, c.confupdtype AS on_update, c.confdeltype AS on_delete
FROM pg_constraint c
JOIN pg_class t1 ON c.conrelid = t1.oid
JOIN pg_class t2 ON c.confrelid = t2.oid
JOIN pg_attribute a1 ON a1.attnum = c.conkey[1] AND a1.attrelid = t1.oid
JOIN pg_attribute a2 ON a2.attnum = c.confkey[1] AND a2.attrelid = t2.oid
JOIN pg_namespace t3 ON c.connamespace = t3.oid
WHERE c.contype = 'f'
  AND t1.relname = 'users'
  AND t3.nspname = ANY (current_schemas(false))
ORDER BY c.conname

  [1m[36m (6.9ms)[0m  [1mCREATE TABLE "schema_migrations" ("version" character varying NOT NULL) [0m
  [1m[35m (2.4ms)[0m  CREATE UNIQUE INDEX  "unique_schema_migrations" ON "schema_migrations"  ("version")
  [1m[36mActiveRecord::SchemaMigration Load (0.5ms)[0m  [1mSELECT "schema_migrations".* FROM "schema_migrations"[0m
Migrating to CreateUsers (20151017213251)
  [1m[35m (0.3ms)[0m  BEGIN
  [1m[36m (5.6ms)[0m  [1mCREATE TABLE "users" ("id" serial primary key, "email" character varying, "password_digest" character varying, "num_likes" integer, "num_posts" integer, "created_at" timestamp NOT NULL, "updated_at" timestamp NOT NULL) [0m
  [1m[35mSQL (0.6ms)[0m  INSERT INTO "schema_migrations" ("version") VALUES ($1)  [["version", "20151017213251"]]
  [1m[36m (0.8ms)[0m  [1mCOMMIT[0m
Migrating to CreateSessions (20151017213855)
  [1m[35m (0.5ms)[0m  BEGIN
  [1m[36m (8.1ms)[0m  [1mCREATE TABLE "sessions" ("id" serial primary key, "user_id" integer, "session_code" character varying, "ip_address" character varying, "is_active" boolean, "created_at" timestamp NOT NULL, "updated_at" timestamp NOT NULL) [0m
  [1m[35mSQL (0.3ms)[0m  INSERT INTO "schema_migrations" ("version") VALUES ($1)  [["version", "20151017213855"]]
  [1m[36m (2.2ms)[0m  [1mCOMMIT[0m
  [1m[35mActiveRecord::SchemaMigration Load (0.3ms)[0m  SELECT "schema_migrations".* FROM "schema_migrations"
  [1m[36m (5.1ms)[0m  [1mSELECT t2.oid::regclass::text AS to_table, a1.attname AS column, a2.attname AS primary_key, c.conname AS name, c.confupdtype AS on_update, c.confdeltype AS on_delete
FROM pg_constraint c
JOIN pg_class t1 ON c.conrelid = t1.oid
JOIN pg_class t2 ON c.confrelid = t2.oid
JOIN pg_attribute a1 ON a1.attnum = c.conkey[1] AND a1.attrelid = t1.oid
JOIN pg_attribute a2 ON a2.attnum = c.confkey[1] AND a2.attrelid = t2.oid
JOIN pg_namespace t3 ON c.connamespace = t3.oid
WHERE c.contype = 'f'
  AND t1.relname = 'sessions'
  AND t3.nspname = ANY (current_schemas(false))
ORDER BY c.conname
[0m
  [1m[35m (5.1ms)[0m  SELECT t2.oid::regclass::text AS to_table, a1.attname AS column, a2.attname AS primary_key, c.conname AS name, c.confupdtype AS on_update, c.confdeltype AS on_delete
FROM pg_constraint c
JOIN pg_class t1 ON c.conrelid = t1.oid
JOIN pg_class t2 ON c.confrelid = t2.oid
JOIN pg_attribute a1 ON a1.attnum = c.conkey[1] AND a1.attrelid = t1.oid
JOIN pg_attribute a2 ON a2.attnum = c.confkey[1] AND a2.attrelid = t2.oid
JOIN pg_namespace t3 ON c.connamespace = t3.oid
WHERE c.contype = 'f'
  AND t1.relname = 'users'
  AND t3.nspname = ANY (current_schemas(false))
ORDER BY c.conname

  [1m[36m (5.7ms)[0m  [1mCREATE TABLE "schema_migrations" ("version" character varying NOT NULL) [0m
  [1m[35m (1.5ms)[0m  CREATE UNIQUE INDEX  "unique_schema_migrations" ON "schema_migrations"  ("version")
  [1m[36mActiveRecord::SchemaMigration Load (0.7ms)[0m  [1mSELECT "schema_migrations".* FROM "schema_migrations"[0m
Migrating to CreateUsers (20151017213251)
  [1m[35m (0.2ms)[0m  BEGIN
  [1m[36m (5.5ms)[0m  [1mCREATE TABLE "users" ("id" serial primary key, "fname" character varying, "lname" character varying, "email" character varying, "password_digest" character varying, "num_likes" integer, "num_posts" integer, "created_at" timestamp NOT NULL, "updated_at" timestamp NOT NULL) [0m
  [1m[35mSQL (0.9ms)[0m  INSERT INTO "schema_migrations" ("version") VALUES ($1)  [["version", "20151017213251"]]
  [1m[36m (0.6ms)[0m  [1mCOMMIT[0m
Migrating to CreateSessions (20151017213855)
  [1m[35m (0.4ms)[0m  BEGIN
  [1m[36m (4.7ms)[0m  [1mCREATE TABLE "sessions" ("id" serial primary key, "user_id" integer, "session_code" character varying, "ip_address" character varying, "is_active" boolean, "created_at" timestamp NOT NULL, "updated_at" timestamp NOT NULL) [0m
  [1m[35mSQL (0.6ms)[0m  INSERT INTO "schema_migrations" ("version") VALUES ($1)  [["version", "20151017213855"]]
  [1m[36m (0.7ms)[0m  [1mCOMMIT[0m
  [1m[35mActiveRecord::SchemaMigration Load (0.3ms)[0m  SELECT "schema_migrations".* FROM "schema_migrations"
  [1m[36m (7.2ms)[0m  [1mSELECT t2.oid::regclass::text AS to_table, a1.attname AS column, a2.attname AS primary_key, c.conname AS name, c.confupdtype AS on_update, c.confdeltype AS on_delete
FROM pg_constraint c
JOIN pg_class t1 ON c.conrelid = t1.oid
JOIN pg_class t2 ON c.confrelid = t2.oid
JOIN pg_attribute a1 ON a1.attnum = c.conkey[1] AND a1.attrelid = t1.oid
JOIN pg_attribute a2 ON a2.attnum = c.confkey[1] AND a2.attrelid = t2.oid
JOIN pg_namespace t3 ON c.connamespace = t3.oid
WHERE c.contype = 'f'
  AND t1.relname = 'sessions'
  AND t3.nspname = ANY (current_schemas(false))
ORDER BY c.conname
[0m
  [1m[35m (5.1ms)[0m  SELECT t2.oid::regclass::text AS to_table, a1.attname AS column, a2.attname AS primary_key, c.conname AS name, c.confupdtype AS on_update, c.confdeltype AS on_delete
FROM pg_constraint c
JOIN pg_class t1 ON c.conrelid = t1.oid
JOIN pg_class t2 ON c.confrelid = t2.oid
JOIN pg_attribute a1 ON a1.attnum = c.conkey[1] AND a1.attrelid = t1.oid
JOIN pg_attribute a2 ON a2.attnum = c.confkey[1] AND a2.attrelid = t2.oid
JOIN pg_namespace t3 ON c.connamespace = t3.oid
WHERE c.contype = 'f'
  AND t1.relname = 'users'
  AND t3.nspname = ANY (current_schemas(false))
ORDER BY c.conname

  [1m[36m (0.2ms)[0m  [1mBEGIN[0m
  [1m[35mUser Exists (2.6ms)[0m  SELECT  1 AS one FROM "users" WHERE LOWER("users"."email") = LOWER('ilan.fil@gmail.com') LIMIT 1
  [1m[36mSQL (2.2ms)[0m  [1mINSERT INTO "users" ("fname", "lname", "email", "password_digest", "created_at", "updated_at", "num_posts", "num_likes") VALUES ($1, $2, $3, $4, $5, $6, $7, $8) RETURNING "id"[0m  [["fname", "Ilan"], ["lname", "Filonenko"], ["email", "ilan.fil@gmail.com"], ["password_digest", "$2a$10$/B230oDU1xYfbCofNhYdweUZyo/4L5n6PNDZ8aTiG/u2brvZuQuoa"], ["created_at", "2015-10-17 21:56:18.888032"], ["updated_at", "2015-10-17 21:56:18.888032"], ["num_posts", 0], ["num_likes", 0]]
  [1m[35m (1.3ms)[0m  COMMIT
  [1m[36mUser Load (10.9ms)[0m  [1mSELECT  "users".* FROM "users"  ORDER BY "users"."id" ASC LIMIT 1[0m
  [1m[35m (0.1ms)[0m  BEGIN
  [1m[36mUser Exists (0.5ms)[0m  [1mSELECT  1 AS one FROM "users" WHERE LOWER("users"."email") = LOWER('ilan.fil@gmail.com') LIMIT 1[0m
  [1m[35m (0.3ms)[0m  ROLLBACK
  [1m[36mUser Load (1.1ms)[0m  [1mSELECT  "users".* FROM "users"  ORDER BY "users"."id" ASC LIMIT 1[0m
  [1m[35mUser Load (1.2ms)[0m  SELECT "users".* FROM "users"
  [1m[36m (4.5ms)[0m  [1mCREATE TABLE "schema_migrations" ("version" character varying NOT NULL) [0m
  [1m[35m (2.1ms)[0m  CREATE UNIQUE INDEX  "unique_schema_migrations" ON "schema_migrations"  ("version")
  [1m[36mActiveRecord::SchemaMigration Load (0.5ms)[0m  [1mSELECT "schema_migrations".* FROM "schema_migrations"[0m
Migrating to CreateUsers (20151017213251)
  [1m[35m (0.2ms)[0m  BEGIN
  [1m[36m (6.1ms)[0m  [1mCREATE TABLE "users" ("id" serial primary key, "fname" character varying, "lname" character varying, "email" character varying, "password_digest" character varying, "num_likes" integer, "num_posts" integer, "created_at" timestamp NOT NULL, "updated_at" timestamp NOT NULL) [0m
  [1m[35mSQL (0.5ms)[0m  INSERT INTO "schema_migrations" ("version") VALUES ($1)  [["version", "20151017213251"]]
  [1m[36m (0.6ms)[0m  [1mCOMMIT[0m
Migrating to CreateSessions (20151017213855)
  [1m[35m (0.4ms)[0m  BEGIN
  [1m[36m (4.8ms)[0m  [1mCREATE TABLE "sessions" ("id" serial primary key, "user_id" integer, "session_code" character varying, "ip_address" character varying, "is_active" boolean, "created_at" timestamp NOT NULL, "updated_at" timestamp NOT NULL) [0m
  [1m[35mSQL (0.2ms)[0m  INSERT INTO "schema_migrations" ("version") VALUES ($1)  [["version", "20151017213855"]]
  [1m[36m (0.6ms)[0m  [1mCOMMIT[0m
Migrating to CreateLikes (20151017215812)
  [1m[36m (4.5ms)[0m  [1mCREATE TABLE "schema_migrations" ("version" character varying NOT NULL) [0m
  [1m[35m (1.4ms)[0m  CREATE UNIQUE INDEX  "unique_schema_migrations" ON "schema_migrations"  ("version")
  [1m[36mActiveRecord::SchemaMigration Load (0.4ms)[0m  [1mSELECT "schema_migrations".* FROM "schema_migrations"[0m
Migrating to CreateUsers (20151017213251)
  [1m[35m (0.1ms)[0m  BEGIN
  [1m[36m (5.7ms)[0m  [1mCREATE TABLE "users" ("id" serial primary key, "fname" character varying, "lname" character varying, "email" character varying, "password_digest" character varying, "num_likes" integer, "num_posts" integer, "created_at" timestamp NOT NULL, "updated_at" timestamp NOT NULL) [0m
  [1m[35mSQL (0.5ms)[0m  INSERT INTO "schema_migrations" ("version") VALUES ($1)  [["version", "20151017213251"]]
  [1m[36m (0.5ms)[0m  [1mCOMMIT[0m
Migrating to CreateSessions (20151017213855)
  [1m[35m (0.3ms)[0m  BEGIN
  [1m[36m (4.9ms)[0m  [1mCREATE TABLE "sessions" ("id" serial primary key, "user_id" integer, "session_code" character varying, "ip_address" character varying, "is_active" boolean, "created_at" timestamp NOT NULL, "updated_at" timestamp NOT NULL) [0m
  [1m[35mSQL (0.3ms)[0m  INSERT INTO "schema_migrations" ("version") VALUES ($1)  [["version", "20151017213855"]]
  [1m[36m (0.6ms)[0m  [1mCOMMIT[0m
Migrating to CreateLikes (20151017215812)
  [1m[35m (0.3ms)[0m  BEGIN
  [1m[36m (4.4ms)[0m  [1mCREATE TABLE "likes" ("id" serial primary key, "liker_id" integer, "liked_id" integer, "created_at" timestamp NOT NULL, "updated_at" timestamp NOT NULL) [0m
  [1m[35mSQL (0.2ms)[0m  INSERT INTO "schema_migrations" ("version") VALUES ($1)  [["version", "20151017215812"]]
  [1m[36m (0.5ms)[0m  [1mCOMMIT[0m
  [1m[35mActiveRecord::SchemaMigration Load (0.3ms)[0m  SELECT "schema_migrations".* FROM "schema_migrations"
  [1m[36m (4.8ms)[0m  [1mSELECT t2.oid::regclass::text AS to_table, a1.attname AS column, a2.attname AS primary_key, c.conname AS name, c.confupdtype AS on_update, c.confdeltype AS on_delete
FROM pg_constraint c
JOIN pg_class t1 ON c.conrelid = t1.oid
JOIN pg_class t2 ON c.confrelid = t2.oid
JOIN pg_attribute a1 ON a1.attnum = c.conkey[1] AND a1.attrelid = t1.oid
JOIN pg_attribute a2 ON a2.attnum = c.confkey[1] AND a2.attrelid = t2.oid
JOIN pg_namespace t3 ON c.connamespace = t3.oid
WHERE c.contype = 'f'
  AND t1.relname = 'likes'
  AND t3.nspname = ANY (current_schemas(false))
ORDER BY c.conname
[0m
  [1m[35m (4.7ms)[0m  SELECT t2.oid::regclass::text AS to_table, a1.attname AS column, a2.attname AS primary_key, c.conname AS name, c.confupdtype AS on_update, c.confdeltype AS on_delete
FROM pg_constraint c
JOIN pg_class t1 ON c.conrelid = t1.oid
JOIN pg_class t2 ON c.confrelid = t2.oid
JOIN pg_attribute a1 ON a1.attnum = c.conkey[1] AND a1.attrelid = t1.oid
JOIN pg_attribute a2 ON a2.attnum = c.confkey[1] AND a2.attrelid = t2.oid
JOIN pg_namespace t3 ON c.connamespace = t3.oid
WHERE c.contype = 'f'
  AND t1.relname = 'sessions'
  AND t3.nspname = ANY (current_schemas(false))
ORDER BY c.conname

  [1m[36m (4.1ms)[0m  [1mSELECT t2.oid::regclass::text AS to_table, a1.attname AS column, a2.attname AS primary_key, c.conname AS name, c.confupdtype AS on_update, c.confdeltype AS on_delete
FROM pg_constraint c
JOIN pg_class t1 ON c.conrelid = t1.oid
JOIN pg_class t2 ON c.confrelid = t2.oid
JOIN pg_attribute a1 ON a1.attnum = c.conkey[1] AND a1.attrelid = t1.oid
JOIN pg_attribute a2 ON a2.attnum = c.confkey[1] AND a2.attrelid = t2.oid
JOIN pg_namespace t3 ON c.connamespace = t3.oid
WHERE c.contype = 'f'
  AND t1.relname = 'users'
  AND t3.nspname = ANY (current_schemas(false))
ORDER BY c.conname
[0m
  [1m[36mUser Load (9.3ms)[0m  [1mSELECT "users".* FROM "users"[0m
  [1m[35m (0.2ms)[0m  BEGIN
  [1m[36mUser Exists (1.5ms)[0m  [1mSELECT  1 AS one FROM "users" WHERE LOWER("users"."email") = LOWER('ilan.fil@gmail.com') LIMIT 1[0m
  [1m[35mSQL (1.3ms)[0m  INSERT INTO "users" ("fname", "lname", "email", "password_digest", "created_at", "updated_at", "num_posts", "num_likes") VALUES ($1, $2, $3, $4, $5, $6, $7, $8) RETURNING "id"  [["fname", "Ilan"], ["lname", "Filonenko"], ["email", "ilan.fil@gmail.com"], ["password_digest", "$2a$10$CFlZrs2MlL/C.P/5iYWZeONjQohKVVK0oOKnRMko4atwwns.C19eq"], ["created_at", "2015-10-17 22:05:23.892695"], ["updated_at", "2015-10-17 22:05:23.892695"], ["num_posts", 0], ["num_likes", 0]]
  [1m[36m (1.5ms)[0m  [1mCOMMIT[0m
  [1m[35m (0.2ms)[0m  BEGIN
  [1m[36mUser Exists (0.8ms)[0m  [1mSELECT  1 AS one FROM "users" WHERE LOWER("users"."email") = LOWER('feifan@me.com') LIMIT 1[0m
  [1m[35mSQL (0.6ms)[0m  INSERT INTO "users" ("fname", "lname", "email", "password_digest", "created_at", "updated_at", "num_posts", "num_likes") VALUES ($1, $2, $3, $4, $5, $6, $7, $8) RETURNING "id"  [["fname", "Feifan"], ["lname", "Zhou"], ["email", "feifan@me.com"], ["password_digest", "$2a$10$ZOU8XjNZppXzioG4Yn2zIexN//MjznhUvc3JHx4V1BR776K4CV60G"], ["created_at", "2015-10-17 22:05:44.202165"], ["updated_at", "2015-10-17 22:05:44.202165"], ["num_posts", 0], ["num_likes", 0]]
  [1m[36m (0.7ms)[0m  [1mCOMMIT[0m
  [1m[35mUser Load (0.8ms)[0m  SELECT "users".* FROM "users"
  [1m[36mUser Load (2.1ms)[0m  [1mSELECT  "users".* FROM "users"  ORDER BY "users"."id" ASC LIMIT 1[0m
  [1m[35mUser Load (1.1ms)[0m  SELECT  "users".* FROM "users"  ORDER BY "users"."id" ASC LIMIT 1
  [1m[36mUser Load (0.5ms)[0m  [1mSELECT  "users".* FROM "users" WHERE "users"."id" = $1 LIMIT 1[0m  [["id", 2]]
  [1m[35m (0.1ms)[0m  BEGIN
  [1m[36mLike Exists (1.1ms)[0m  [1mSELECT  1 AS one FROM "likes" WHERE ("likes"."liker_id" = 1 AND "likes"."liked_id" = 2) LIMIT 1[0m
  [1m[35mSQL (0.7ms)[0m  INSERT INTO "likes" ("liker_id", "liked_id", "created_at", "updated_at") VALUES ($1, $2, $3, $4) RETURNING "id"  [["liker_id", 1], ["liked_id", 2], ["created_at", "2015-10-17 22:05:56.727145"], ["updated_at", "2015-10-17 22:05:56.727145"]]
  [1m[36m (0.3ms)[0m  [1mCOMMIT[0m
  [1m[35mLike Exists (0.7ms)[0m  SELECT  1 AS one FROM "likes" WHERE ("likes"."liker_id" = 1 AND "likes"."id" != 1 AND "likes"."liked_id" = 2) LIMIT 1
  [1m[36mSQL (2.0ms)[0m  [1mUPDATE "users" SET "num_likes" = COALESCE("num_likes", 0) + 1 WHERE "users"."id" = 2[0m
  [1m[35mLike Exists (0.3ms)[0m  SELECT  1 AS one FROM "likes" WHERE ("likes"."liker_id" = 1 AND "likes"."id" != 1 AND "likes"."liked_id" = 2) LIMIT 1
  [1m[36mUser Load (0.8ms)[0m  [1mSELECT  "users".* FROM "users"  ORDER BY "users"."id" ASC LIMIT 1[0m
  [1m[35mUser Load (1.0ms)[0m  SELECT  "users".* FROM "users"  ORDER BY "users"."id" DESC LIMIT 1
  [1m[36m (4.4ms)[0m  [1mCREATE TABLE "schema_migrations" ("version" character varying NOT NULL) [0m
  [1m[35m (1.6ms)[0m  CREATE UNIQUE INDEX  "unique_schema_migrations" ON "schema_migrations"  ("version")
  [1m[36mActiveRecord::SchemaMigration Load (0.4ms)[0m  [1mSELECT "schema_migrations".* FROM "schema_migrations"[0m
Migrating to CreateUsers (20151017213251)
  [1m[35m (0.2ms)[0m  BEGIN
  [1m[36m (5.5ms)[0m  [1mCREATE TABLE "users" ("id" serial primary key, "fname" character varying, "lname" character varying, "email" character varying, "password_digest" character varying, "num_endorsements" integer, "num_posts" integer, "created_at" timestamp NOT NULL, "updated_at" timestamp NOT NULL) [0m
  [1m[35mSQL (0.5ms)[0m  INSERT INTO "schema_migrations" ("version") VALUES ($1)  [["version", "20151017213251"]]
  [1m[36m (0.6ms)[0m  [1mCOMMIT[0m
Migrating to CreateSessions (20151017213855)
  [1m[35m (0.3ms)[0m  BEGIN
  [1m[36m (4.0ms)[0m  [1mCREATE TABLE "sessions" ("id" serial primary key, "user_id" integer, "session_code" character varying, "ip_address" character varying, "is_active" boolean, "created_at" timestamp NOT NULL, "updated_at" timestamp NOT NULL) [0m
  [1m[35mSQL (0.3ms)[0m  INSERT INTO "schema_migrations" ("version") VALUES ($1)  [["version", "20151017213855"]]
  [1m[36m (0.6ms)[0m  [1mCOMMIT[0m
Migrating to CreateEndorses (20151017221220)
  [1m[35m (0.3ms)[0m  BEGIN
  [1m[36m (3.2ms)[0m  [1mCREATE TABLE "endorses" ("id" serial primary key, "endorser_id" integer, "endorsed_id" integer, "created_at" timestamp NOT NULL, "updated_at" timestamp NOT NULL) [0m
  [1m[35mSQL (0.3ms)[0m  INSERT INTO "schema_migrations" ("version") VALUES ($1)  [["version", "20151017221220"]]
  [1m[36m (19.2ms)[0m  [1mCOMMIT[0m
  [1m[35mActiveRecord::SchemaMigration Load (0.4ms)[0m  SELECT "schema_migrations".* FROM "schema_migrations"
  [1m[36m (4.7ms)[0m  [1mSELECT t2.oid::regclass::text AS to_table, a1.attname AS column, a2.attname AS primary_key, c.conname AS name, c.confupdtype AS on_update, c.confdeltype AS on_delete
FROM pg_constraint c
JOIN pg_class t1 ON c.conrelid = t1.oid
JOIN pg_class t2 ON c.confrelid = t2.oid
JOIN pg_attribute a1 ON a1.attnum = c.conkey[1] AND a1.attrelid = t1.oid
JOIN pg_attribute a2 ON a2.attnum = c.confkey[1] AND a2.attrelid = t2.oid
JOIN pg_namespace t3 ON c.connamespace = t3.oid
WHERE c.contype = 'f'
  AND t1.relname = 'endorses'
  AND t3.nspname = ANY (current_schemas(false))
ORDER BY c.conname
[0m
  [1m[35m (6.2ms)[0m  SELECT t2.oid::regclass::text AS to_table, a1.attname AS column, a2.attname AS primary_key, c.conname AS name, c.confupdtype AS on_update, c.confdeltype AS on_delete
FROM pg_constraint c
JOIN pg_class t1 ON c.conrelid = t1.oid
JOIN pg_class t2 ON c.confrelid = t2.oid
JOIN pg_attribute a1 ON a1.attnum = c.conkey[1] AND a1.attrelid = t1.oid
JOIN pg_attribute a2 ON a2.attnum = c.confkey[1] AND a2.attrelid = t2.oid
JOIN pg_namespace t3 ON c.connamespace = t3.oid
WHERE c.contype = 'f'
  AND t1.relname = 'sessions'
  AND t3.nspname = ANY (current_schemas(false))
ORDER BY c.conname

  [1m[36m (5.7ms)[0m  [1mSELECT t2.oid::regclass::text AS to_table, a1.attname AS column, a2.attname AS primary_key, c.conname AS name, c.confupdtype AS on_update, c.confdeltype AS on_delete
FROM pg_constraint c
JOIN pg_class t1 ON c.conrelid = t1.oid
JOIN pg_class t2 ON c.confrelid = t2.oid
JOIN pg_attribute a1 ON a1.attnum = c.conkey[1] AND a1.attrelid = t1.oid
JOIN pg_attribute a2 ON a2.attnum = c.confkey[1] AND a2.attrelid = t2.oid
JOIN pg_namespace t3 ON c.connamespace = t3.oid
WHERE c.contype = 'f'
  AND t1.relname = 'users'
  AND t3.nspname = ANY (current_schemas(false))
ORDER BY c.conname
[0m
  [1m[36m (0.2ms)[0m  [1mBEGIN[0m
  [1m[35mUser Exists (1.6ms)[0m  SELECT  1 AS one FROM "users" WHERE LOWER("users"."email") = LOWER('ilan.fil@gmail.com') LIMIT 1
  [1m[36mSQL (1.4ms)[0m  [1mINSERT INTO "users" ("fname", "lname", "email", "password_digest", "created_at", "updated_at", "num_posts", "num_endorsements") VALUES ($1, $2, $3, $4, $5, $6, $7, $8) RETURNING "id"[0m  [["fname", "Ilan"], ["lname", "Filonenko"], ["email", "ilan.fil@gmail.com"], ["password_digest", "$2a$10$uPBTflvKA1fh1cBxLlIjQ.LrfVYfw3ojf8ian6rbY7xl2rn/RjLyK"], ["created_at", "2015-10-17 22:15:16.313543"], ["updated_at", "2015-10-17 22:15:16.313543"], ["num_posts", 0], ["num_endorsements", 0]]
  [1m[35m (0.5ms)[0m  COMMIT
  [1m[36m (0.2ms)[0m  [1mBEGIN[0m
  [1m[35mUser Exists (0.8ms)[0m  SELECT  1 AS one FROM "users" WHERE LOWER("users"."email") = LOWER('feifan@me.com') LIMIT 1
  [1m[36mSQL (0.4ms)[0m  [1mINSERT INTO "users" ("fname", "lname", "email", "password_digest", "created_at", "updated_at", "num_posts", "num_endorsements") VALUES ($1, $2, $3, $4, $5, $6, $7, $8) RETURNING "id"[0m  [["fname", "Feifan"], ["lname", "Zhou"], ["email", "feifan@me.com"], ["password_digest", "$2a$10$9unF8Eq1z0ZFygbJdigse.D7O9ZsasE.PhiQVAvj86sIiNpb0QBty"], ["created_at", "2015-10-17 22:15:39.083758"], ["updated_at", "2015-10-17 22:15:39.083758"], ["num_posts", 0], ["num_endorsements", 0]]
  [1m[35m (0.9ms)[0m  COMMIT
  [1m[36mUser Load (1.8ms)[0m  [1mSELECT  "users".* FROM "users"  ORDER BY "users"."id" ASC LIMIT 1[0m
  [1m[35mUser Load (1.7ms)[0m  SELECT  "users".* FROM "users"  ORDER BY "users"."id" DESC LIMIT 1
  [1m[36mUser Load (0.7ms)[0m  [1mSELECT  "users".* FROM "users"  ORDER BY "users"."id" ASC LIMIT 1[0m
  [1m[35mUser Load (0.4ms)[0m  SELECT  "users".* FROM "users" WHERE "users"."id" = $1 LIMIT 1  [["id", 2]]
  [1m[36mUser Load (1.0ms)[0m  [1mSELECT  "users".* FROM "users"  ORDER BY "users"."id" ASC LIMIT 1[0m
  [1m[35mUser Load (0.5ms)[0m  SELECT  "users".* FROM "users" WHERE "users"."id" = $1 LIMIT 1  [["id", 2]]
  [1m[36mUser Load (1.7ms)[0m  [1mSELECT  "users".* FROM "users"  ORDER BY "users"."id" ASC LIMIT 1[0m
  [1m[35mUser Load (0.8ms)[0m  SELECT  "users".* FROM "users"  ORDER BY "users"."id" ASC LIMIT 1
  [1m[36mUser Load (0.6ms)[0m  [1mSELECT  "users".* FROM "users" WHERE "users"."id" = $1 LIMIT 1[0m  [["id", 2]]
  [1m[35m (0.1ms)[0m  BEGIN
  [1m[36mEndorse Exists (1.0ms)[0m  [1mSELECT  1 AS one FROM "endorses" WHERE ("endorses"."endorser_id" = 1 AND "endorses"."endorsed_id" = 2) LIMIT 1[0m
  [1m[35mSQL (1.3ms)[0m  INSERT INTO "endorses" ("endorser_id", "endorsed_id", "created_at", "updated_at") VALUES ($1, $2, $3, $4) RETURNING "id"  [["endorser_id", 1], ["endorsed_id", 2], ["created_at", "2015-10-17 22:16:42.054809"], ["updated_at", "2015-10-17 22:16:42.054809"]]
  [1m[36m (0.5ms)[0m  [1mCOMMIT[0m
  [1m[35mEndorse Exists (0.7ms)[0m  SELECT  1 AS one FROM "endorses" WHERE ("endorses"."endorser_id" = 1 AND "endorses"."id" != 1 AND "endorses"."endorsed_id" = 2) LIMIT 1
  [1m[36mSQL (1.4ms)[0m  [1mUPDATE "users" SET "num_endorsements" = COALESCE("num_endorsements", 0) + 1 WHERE "users"."id" = 2[0m
  [1m[35mEndorse Exists (0.5ms)[0m  SELECT  1 AS one FROM "endorses" WHERE ("endorses"."endorser_id" = 1 AND "endorses"."id" != 1 AND "endorses"."endorsed_id" = 2) LIMIT 1
  [1m[36mUser Load (0.9ms)[0m  [1mSELECT  "users".* FROM "users"  ORDER BY "users"."id" ASC LIMIT 1[0m
  [1m[35mUser Load (0.9ms)[0m  SELECT  "users".* FROM "users"  ORDER BY "users"."id" DESC LIMIT 1
  [1m[36mUser Load (0.8ms)[0m  [1mSELECT  "users".* FROM "users"  ORDER BY "users"."id" DESC LIMIT 1[0m
  [1m[35mUser Load (1.1ms)[0m  SELECT  "users".* FROM "users" WHERE "users"."id" = $1 LIMIT 1  [["id", 1]]
  [1m[36m (0.2ms)[0m  [1mBEGIN[0m
  [1m[35mEndorse Exists (0.5ms)[0m  SELECT  1 AS one FROM "endorses" WHERE ("endorses"."endorser_id" = 2 AND "endorses"."endorsed_id" = 1) LIMIT 1
  [1m[36mSQL (0.3ms)[0m  [1mINSERT INTO "endorses" ("endorser_id", "endorsed_id", "created_at", "updated_at") VALUES ($1, $2, $3, $4) RETURNING "id"[0m  [["endorser_id", 2], ["endorsed_id", 1], ["created_at", "2015-10-17 22:16:52.208332"], ["updated_at", "2015-10-17 22:16:52.208332"]]
  [1m[35m (7.6ms)[0m  COMMIT
  [1m[36mEndorse Exists (0.5ms)[0m  [1mSELECT  1 AS one FROM "endorses" WHERE ("endorses"."endorser_id" = 2 AND "endorses"."id" != 2 AND "endorses"."endorsed_id" = 1) LIMIT 1[0m
  [1m[35mSQL (0.8ms)[0m  UPDATE "users" SET "num_endorsements" = COALESCE("num_endorsements", 0) + 1 WHERE "users"."id" = 1
  [1m[36mEndorse Exists (0.4ms)[0m  [1mSELECT  1 AS one FROM "endorses" WHERE ("endorses"."endorser_id" = 2 AND "endorses"."id" != 2 AND "endorses"."endorsed_id" = 1) LIMIT 1[0m
  [1m[35mUser Load (0.9ms)[0m  SELECT  "users".* FROM "users"  ORDER BY "users"."id" ASC LIMIT 1
  [1m[36mEndorse Load (0.7ms)[0m  [1mSELECT "endorses".* FROM "endorses"[0m
  [1m[35mUser Load (1.0ms)[0m  SELECT  "users".* FROM "users"  ORDER BY "users"."id" ASC LIMIT 1
  [1m[36mUser Load (0.8ms)[0m  [1mSELECT  "users".* FROM "users"  ORDER BY "users"."id" ASC LIMIT 1[0m
  [1m[35mUser Load (0.5ms)[0m  SELECT  "users".* FROM "users" WHERE "users"."id" = $1 LIMIT 1  [["id", 2]]
  [1m[36mEndorse Load (0.3ms)[0m  [1mSELECT "endorses".* FROM "endorses" WHERE "endorses"."endorser_id" = $1 AND "endorses"."endorsed_id" = $2[0m  [["endorser_id", 1], ["endorsed_id", 2]]
  [1m[35m (0.1ms)[0m  BEGIN
  [1m[36mSQL (0.3ms)[0m  [1mDELETE FROM "endorses" WHERE "endorses"."id" = $1[0m  [["id", 1]]
  [1m[35m (9.5ms)[0m  COMMIT
  [1m[36mUser Load (1.3ms)[0m  [1mSELECT  "users".* FROM "users"  ORDER BY "users"."id" ASC LIMIT 1[0m
  [1m[35mUser Load (1.1ms)[0m  SELECT  "users".* FROM "users"  ORDER BY "users"."id" DESC LIMIT 1
  [1m[36mUser Load (0.8ms)[0m  [1mSELECT  "users".* FROM "users"  ORDER BY "users"."id" ASC LIMIT 1[0m
  [1m[35mUser Load (0.6ms)[0m  SELECT  "users".* FROM "users" WHERE "users"."id" = $1 LIMIT 1  [["id", 2]]
  [1m[36m (0.2ms)[0m  [1mBEGIN[0m
  [1m[35mEndorse Exists (0.9ms)[0m  SELECT  1 AS one FROM "endorses" WHERE ("endorses"."endorser_id" = 1 AND "endorses"."endorsed_id" = 2) LIMIT 1
  [1m[36mSQL (0.5ms)[0m  [1mINSERT INTO "endorses" ("endorser_id", "endorsed_id", "created_at", "updated_at") VALUES ($1, $2, $3, $4) RETURNING "id"[0m  [["endorser_id", 1], ["endorsed_id", 2], ["created_at", "2015-10-17 22:18:04.246162"], ["updated_at", "2015-10-17 22:18:04.246162"]]
  [1m[35m (0.5ms)[0m  COMMIT
  [1m[36mEndorse Exists (0.9ms)[0m  [1mSELECT  1 AS one FROM "endorses" WHERE ("endorses"."endorser_id" = 1 AND "endorses"."id" != 3 AND "endorses"."endorsed_id" = 2) LIMIT 1[0m
  [1m[35mSQL (0.9ms)[0m  UPDATE "users" SET "num_endorsements" = COALESCE("num_endorsements", 0) + 1 WHERE "users"."id" = 2
  [1m[36mEndorse Exists (0.4ms)[0m  [1mSELECT  1 AS one FROM "endorses" WHERE ("endorses"."endorser_id" = 1 AND "endorses"."id" != 3 AND "endorses"."endorsed_id" = 2) LIMIT 1[0m
  [1m[35mUser Load (0.6ms)[0m  SELECT  "users".* FROM "users"  ORDER BY "users"."id" ASC LIMIT 1
  [1m[36mUser Load (0.8ms)[0m  [1mSELECT  "users".* FROM "users"  ORDER BY "users"."id" DESC LIMIT 1[0m
  [1m[35mUser Load (0.7ms)[0m  SELECT  "users".* FROM "users"  ORDER BY "users"."id" ASC LIMIT 1
  [1m[36mUser Load (1.9ms)[0m  [1mSELECT  "users".* FROM "users" WHERE "users"."id" = $1 LIMIT 1[0m  [["id", 2]]
  [1m[35m (0.3ms)[0m  BEGIN
  [1m[36mEndorse Exists (0.7ms)[0m  [1mSELECT  1 AS one FROM "endorses" WHERE ("endorses"."endorser_id" = 1 AND "endorses"."endorsed_id" = 2) LIMIT 1[0m
  [1m[35m (0.2ms)[0m  ROLLBACK
  [1m[36mEndorse Exists (0.5ms)[0m  [1mSELECT  1 AS one FROM "endorses" WHERE ("endorses"."endorser_id" = 1 AND "endorses"."endorsed_id" = 2) LIMIT 1[0m
  [1m[35mEndorse Exists (0.4ms)[0m  SELECT  1 AS one FROM "endorses" WHERE ("endorses"."endorser_id" = 1 AND "endorses"."endorsed_id" = 2) LIMIT 1
  [1m[36mUser Load (0.8ms)[0m  [1mSELECT  "users".* FROM "users"  ORDER BY "users"."id" DESC LIMIT 1[0m
  [1m[35mUser Load (0.9ms)[0m  SELECT  "users".* FROM "users"  ORDER BY "users"."id" DESC LIMIT 1
  [1m[36mEndorse Load (0.7ms)[0m  [1mSELECT "endorses".* FROM "endorses"[0m
  [1m[35mUser Load (0.7ms)[0m  SELECT  "users".* FROM "users"  ORDER BY "users"."id" ASC LIMIT 1
  [1m[36mUser Load (0.6ms)[0m  [1mSELECT  "users".* FROM "users" WHERE "users"."id" = $1 LIMIT 1[0m  [["id", 2]]
  [1m[35mEndorse Load (0.5ms)[0m  SELECT "endorses".* FROM "endorses" WHERE "endorses"."endorser_id" = $1 AND "endorses"."endorsed_id" = $2  [["endorser_id", 1], ["endorsed_id", 2]]
  [1m[36m (0.1ms)[0m  [1mBEGIN[0m
  [1m[35mSQL (0.3ms)[0m  DELETE FROM "endorses" WHERE "endorses"."id" = $1  [["id", 3]]
  [1m[36m (0.4ms)[0m  [1mCOMMIT[0m
  [1m[35mSQL (1.2ms)[0m  UPDATE "users" SET "num_endorsements" = COALESCE("num_endorsements", 0) - 1 WHERE "users"."id" = 2
  [1m[36mUser Load (0.8ms)[0m  [1mSELECT  "users".* FROM "users"  ORDER BY "users"."id" ASC LIMIT 1[0m
  [1m[35mUser Load (0.9ms)[0m  SELECT  "users".* FROM "users"  ORDER BY "users"."id" DESC LIMIT 1
  [1m[36mUser Load (0.9ms)[0m  [1mSELECT  "users".* FROM "users"  ORDER BY "users"."id" ASC LIMIT 1[0m
  [1m[35mUser Load (0.6ms)[0m  SELECT  "users".* FROM "users" WHERE "users"."id" = $1 LIMIT 1  [["id", 2]]
  [1m[36mEndorse Load (0.6ms)[0m  [1mSELECT "endorses".* FROM "endorses" WHERE "endorses"."endorser_id" = $1 AND "endorses"."endorsed_id" = $2[0m  [["endorser_id", 1], ["endorsed_id", 2]]
  [1m[35mUser Load (0.6ms)[0m  SELECT  "users".* FROM "users"  ORDER BY "users"."id" ASC LIMIT 1
  [1m[36mUser Load (1.7ms)[0m  [1mSELECT  "users".* FROM "users"  ORDER BY "users"."id" DESC LIMIT 1[0m
  [1m[35mUser Load (1.0ms)[0m  SELECT  "users".* FROM "users"  ORDER BY "users"."id" DESC LIMIT 1
  [1m[36m (0.2ms)[0m  [1mBEGIN[0m
  [1m[35mUser Exists (0.8ms)[0m  SELECT  1 AS one FROM "users" WHERE (LOWER("users"."email") = LOWER('feifan@me.com') AND "users"."id" != 2) LIMIT 1
  [1m[36mSQL (0.4ms)[0m  [1mUPDATE "users" SET "num_endorsements" = $1, "updated_at" = $2 WHERE "users"."id" = $3[0m  [["num_endorsements", 0], ["updated_at", "2015-10-17 22:19:24.421268"], ["id", 2]]
  [1m[35m (0.5ms)[0m  COMMIT
  [1m[36mUser Load (1.1ms)[0m  [1mSELECT  "users".* FROM "users"  ORDER BY "users"."id" DESC LIMIT 1[0m
  [1m[35mUser Load (1.1ms)[0m  SELECT  "users".* FROM "users"  ORDER BY "users"."id" ASC LIMIT 1
  [1m[36mUser Load (1.0ms)[0m  [1mSELECT  "users".* FROM "users"  ORDER BY "users"."id" DESC LIMIT 1[0m
  [1m[35mUser Load (0.4ms)[0m  SELECT  "users".* FROM "users" WHERE "users"."id" = $1 LIMIT 1  [["id", 1]]
  [1m[36mEndorse Load (0.4ms)[0m  [1mSELECT "endorses".* FROM "endorses" WHERE "endorses"."endorser_id" = $1 AND "endorses"."endorsed_id" = $2[0m  [["endorser_id", 2], ["endorsed_id", 1]]
  [1m[35m (0.2ms)[0m  BEGIN
  [1m[36mSQL (0.3ms)[0m  [1mDELETE FROM "endorses" WHERE "endorses"."id" = $1[0m  [["id", 2]]
  [1m[35m (0.4ms)[0m  COMMIT
  [1m[36mSQL (1.0ms)[0m  [1mUPDATE "users" SET "num_endorsements" = COALESCE("num_endorsements", 0) - 1 WHERE "users"."id" = 1[0m
  [1m[35mUser Load (0.8ms)[0m  SELECT  "users".* FROM "users"  ORDER BY "users"."id" ASC LIMIT 1
  [1m[36mUser Load (0.9ms)[0m  [1mSELECT  "users".* FROM "users"  ORDER BY "users"."id" DESC LIMIT 1[0m
  [1m[35mEndorse Load (0.7ms)[0m  SELECT "endorses".* FROM "endorses"
  [1m[36mUser Load (0.9ms)[0m  [1mSELECT  "users".* FROM "users"  ORDER BY "users"."id" ASC LIMIT 1[0m
  [1m[35mUser Load (0.6ms)[0m  SELECT  "users".* FROM "users" WHERE "users"."id" = $1 LIMIT 1  [["id", 2]]
  [1m[36m (0.2ms)[0m  [1mBEGIN[0m
  [1m[35mEndorse Exists (0.6ms)[0m  SELECT  1 AS one FROM "endorses" WHERE ("endorses"."endorser_id" = 1 AND "endorses"."endorsed_id" = 2) LIMIT 1
  [1m[36mSQL (0.6ms)[0m  [1mINSERT INTO "endorses" ("endorser_id", "endorsed_id", "created_at", "updated_at") VALUES ($1, $2, $3, $4) RETURNING "id"[0m  [["endorser_id", 1], ["endorsed_id", 2], ["created_at", "2015-10-17 22:19:44.751288"], ["updated_at", "2015-10-17 22:19:44.751288"]]
  [1m[35m (8.2ms)[0m  COMMIT
  [1m[36mEndorse Exists (0.5ms)[0m  [1mSELECT  1 AS one FROM "endorses" WHERE ("endorses"."endorser_id" = 1 AND "endorses"."id" != 4 AND "endorses"."endorsed_id" = 2) LIMIT 1[0m
  [1m[35mSQL (0.8ms)[0m  UPDATE "users" SET "num_endorsements" = COALESCE("num_endorsements", 0) + 1 WHERE "users"."id" = 2
  [1m[36mEndorse Exists (0.4ms)[0m  [1mSELECT  1 AS one FROM "endorses" WHERE ("endorses"."endorser_id" = 1 AND "endorses"."id" != 4 AND "endorses"."endorsed_id" = 2) LIMIT 1[0m
  [1m[35mUser Load (0.9ms)[0m  SELECT  "users".* FROM "users"  ORDER BY "users"."id" DESC LIMIT 1
  [1m[36mEndorse Load (0.7ms)[0m  [1mSELECT "endorses".* FROM "endorses"[0m
  [1m[35mUser Load (0.7ms)[0m  SELECT  "users".* FROM "users"  ORDER BY "users"."id" ASC LIMIT 1
  [1m[36mUser Load (0.5ms)[0m  [1mSELECT  "users".* FROM "users" WHERE "users"."id" = $1 LIMIT 1[0m  [["id", 2]]
  [1m[35m (0.2ms)[0m  BEGIN
  [1m[36mEndorse Exists (0.5ms)[0m  [1mSELECT  1 AS one FROM "endorses" WHERE ("endorses"."endorser_id" = 1 AND "endorses"."endorsed_id" = 2) LIMIT 1[0m
  [1m[35m (0.2ms)[0m  ROLLBACK
  [1m[36mEndorse Exists (0.4ms)[0m  [1mSELECT  1 AS one FROM "endorses" WHERE ("endorses"."endorser_id" = 1 AND "endorses"."endorsed_id" = 2) LIMIT 1[0m
  [1m[35mEndorse Exists (0.4ms)[0m  SELECT  1 AS one FROM "endorses" WHERE ("endorses"."endorser_id" = 1 AND "endorses"."endorsed_id" = 2) LIMIT 1
  [1m[36mUser Load (0.9ms)[0m  [1mSELECT  "users".* FROM "users"  ORDER BY "users"."id" DESC LIMIT 1[0m
  [1m[35mUser Load (1.1ms)[0m  SELECT  "users".* FROM "users"  ORDER BY "users"."id" ASC LIMIT 1
  [1m[36mUser Load (0.6ms)[0m  [1mSELECT  "users".* FROM "users" WHERE "users"."id" = $1 LIMIT 1[0m  [["id", 2]]
  [1m[35m (0.2ms)[0m  BEGIN
  [1m[36mEndorse Exists (1.0ms)[0m  [1mSELECT  1 AS one FROM "endorses" WHERE ("endorses"."endorser_id" = 1 AND "endorses"."endorsed_id" = 2) LIMIT 1[0m
  [1m[35m (0.3ms)[0m  ROLLBACK
  [1m[36mEndorse Exists (0.8ms)[0m  [1mSELECT  1 AS one FROM "endorses" WHERE ("endorses"."endorser_id" = 1 AND "endorses"."endorsed_id" = 2) LIMIT 1[0m
  [1m[35mEndorse Exists (0.4ms)[0m  SELECT  1 AS one FROM "endorses" WHERE ("endorses"."endorser_id" = 1 AND "endorses"."endorsed_id" = 2) LIMIT 1
  [1m[36mUser Load (0.8ms)[0m  [1mSELECT  "users".* FROM "users"  ORDER BY "users"."id" ASC LIMIT 1[0m
  [1m[35mUser Load (0.5ms)[0m  SELECT  "users".* FROM "users" WHERE "users"."id" = $1 LIMIT 1  [["id", 2]]
  [1m[36m (0.2ms)[0m  [1mBEGIN[0m
  [1m[35mEndorse Exists (0.6ms)[0m  SELECT  1 AS one FROM "endorses" WHERE ("endorses"."endorser_id" = 1 AND "endorses"."endorsed_id" = 2) LIMIT 1
  [1m[36m (0.2ms)[0m  [1mROLLBACK[0m
  [1m[35mEndorse Exists (0.4ms)[0m  SELECT  1 AS one FROM "endorses" WHERE ("endorses"."endorser_id" = 1 AND "endorses"."endorsed_id" = 2) LIMIT 1
  [1m[36mEndorse Exists (0.3ms)[0m  [1mSELECT  1 AS one FROM "endorses" WHERE ("endorses"."endorser_id" = 1 AND "endorses"."endorsed_id" = 2) LIMIT 1[0m
  [1m[35mUser Load (1.0ms)[0m  SELECT  "users".* FROM "users"  ORDER BY "users"."id" DESC LIMIT 1
  [1m[36mUser Load (0.9ms)[0m  [1mSELECT  "users".* FROM "users"  ORDER BY "users"."id" ASC LIMIT 1[0m
  [1m[35mUser Load (0.6ms)[0m  SELECT  "users".* FROM "users" WHERE "users"."id" = $1 LIMIT 1  [["id", 2]]
  [1m[36mEndorse Load (0.6ms)[0m  [1mSELECT "endorses".* FROM "endorses" WHERE "endorses"."endorser_id" = $1 AND "endorses"."endorsed_id" = $2[0m  [["endorser_id", 1], ["endorsed_id", 2]]
  [1m[35m (0.2ms)[0m  BEGIN
  [1m[36mSQL (0.4ms)[0m  [1mDELETE FROM "endorses" WHERE "endorses"."id" = $1[0m  [["id", 4]]
  [1m[35m (10.6ms)[0m  COMMIT
  [1m[36mSQL (0.9ms)[0m  [1mUPDATE "users" SET "num_endorsements" = COALESCE("num_endorsements", 0) - 1 WHERE "users"."id" = 2[0m
  [1m[35mUser Load (0.9ms)[0m  SELECT  "users".* FROM "users"  ORDER BY "users"."id" ASC LIMIT 1
  [1m[36mUser Load (0.9ms)[0m  [1mSELECT  "users".* FROM "users"  ORDER BY "users"."id" DESC LIMIT 1[0m
  [1m[35mUser Load (0.9ms)[0m  SELECT  "users".* FROM "users"  ORDER BY "users"."id" ASC LIMIT 1
  [1m[36mUser Load (0.4ms)[0m  [1mSELECT  "users".* FROM "users" WHERE "users"."id" = $1 LIMIT 1[0m  [["id", 2]]
  [1m[35m (0.2ms)[0m  BEGIN
  [1m[36mEndorse Exists (0.7ms)[0m  [1mSELECT  1 AS one FROM "endorses" WHERE ("endorses"."endorser_id" = 1 AND "endorses"."endorsed_id" = 2) LIMIT 1[0m
  [1m[35mSQL (0.4ms)[0m  INSERT INTO "endorses" ("endorser_id", "endorsed_id", "created_at", "updated_at") VALUES ($1, $2, $3, $4) RETURNING "id"  [["endorser_id", 1], ["endorsed_id", 2], ["created_at", "2015-10-17 22:20:22.093597"], ["updated_at", "2015-10-17 22:20:22.093597"]]
  [1m[36m (8.4ms)[0m  [1mCOMMIT[0m
  [1m[35mEndorse Exists (1.3ms)[0m  SELECT  1 AS one FROM "endorses" WHERE ("endorses"."endorser_id" = 1 AND "endorses"."id" != 5 AND "endorses"."endorsed_id" = 2) LIMIT 1
  [1m[36mSQL (0.9ms)[0m  [1mUPDATE "users" SET "num_endorsements" = COALESCE("num_endorsements", 0) + 1 WHERE "users"."id" = 2[0m
  [1m[35mEndorse Exists (0.6ms)[0m  SELECT  1 AS one FROM "endorses" WHERE ("endorses"."endorser_id" = 1 AND "endorses"."id" != 5 AND "endorses"."endorsed_id" = 2) LIMIT 1
  [1m[36mUser Load (1.1ms)[0m  [1mSELECT  "users".* FROM "users"  ORDER BY "users"."id" DESC LIMIT 1[0m
  [1m[35mUser Load (1.0ms)[0m  SELECT  "users".* FROM "users"  ORDER BY "users"."id" ASC LIMIT 1
  [1m[36mUser Load (0.4ms)[0m  [1mSELECT  "users".* FROM "users" WHERE "users"."id" = $1 LIMIT 1[0m  [["id", 2]]
  [1m[35mEndorse Load (0.6ms)[0m  SELECT "endorses".* FROM "endorses" WHERE "endorses"."endorser_id" = $1 AND "endorses"."endorsed_id" = $2  [["endorser_id", 1], ["endorsed_id", 2]]
  [1m[36m (0.2ms)[0m  [1mBEGIN[0m
  [1m[35mSQL (0.4ms)[0m  DELETE FROM "endorses" WHERE "endorses"."id" = $1  [["id", 5]]
  [1m[36m (8.3ms)[0m  [1mCOMMIT[0m
  [1m[35mSQL (0.6ms)[0m  UPDATE "users" SET "num_endorsements" = COALESCE("num_endorsements", 0) - 1 WHERE "users"."id" = 2
  [1m[36mUser Load (1.0ms)[0m  [1mSELECT  "users".* FROM "users"  ORDER BY "users"."id" DESC LIMIT 1[0m
  [1m[35mUser Load (1.0ms)[0m  SELECT  "users".* FROM "users"  ORDER BY "users"."id" ASC LIMIT 1
  [1m[36mUser Load (0.3ms)[0m  [1mSELECT  "users".* FROM "users" WHERE "users"."id" = $1 LIMIT 1[0m  [["id", 2]]
  [1m[35mEndorse Load (0.3ms)[0m  SELECT "endorses".* FROM "endorses" WHERE "endorses"."endorser_id" = $1 AND "endorses"."endorsed_id" = $2  [["endorser_id", 1], ["endorsed_id", 2]]
  [1m[36mUser Load (1.0ms)[0m  [1mSELECT  "users".* FROM "users"  ORDER BY "users"."id" ASC LIMIT 1[0m
  [1m[35mUser Load (0.5ms)[0m  SELECT  "users".* FROM "users" WHERE "users"."id" = $1 LIMIT 1  [["id", 2]]
  [1m[36m (0.3ms)[0m  [1mBEGIN[0m
  [1m[35mEndorse Exists (1.7ms)[0m  SELECT  1 AS one FROM "endorses" WHERE ("endorses"."endorser_id" = 1 AND "endorses"."endorsed_id" = 2) LIMIT 1
  [1m[36mSQL (0.5ms)[0m  [1mINSERT INTO "endorses" ("endorser_id", "endorsed_id", "created_at", "updated_at") VALUES ($1, $2, $3, $4) RETURNING "id"[0m  [["endorser_id", 1], ["endorsed_id", 2], ["created_at", "2015-10-17 22:21:34.550187"], ["updated_at", "2015-10-17 22:21:34.550187"]]
  [1m[35m (8.9ms)[0m  COMMIT
  [1m[36mEndorse Exists (0.4ms)[0m  [1mSELECT  1 AS one FROM "endorses" WHERE ("endorses"."endorser_id" = 1 AND "endorses"."id" != 6 AND "endorses"."endorsed_id" = 2) LIMIT 1[0m
  [1m[35mSQL (0.7ms)[0m  UPDATE "users" SET "num_endorsements" = COALESCE("num_endorsements", 0) + 1 WHERE "users"."id" = 2
  [1m[36mEndorse Exists (0.4ms)[0m  [1mSELECT  1 AS one FROM "endorses" WHERE ("endorses"."endorser_id" = 1 AND "endorses"."id" != 6 AND "endorses"."endorsed_id" = 2) LIMIT 1[0m
  [1m[35mUser Load (1.1ms)[0m  SELECT  "users".* FROM "users"  ORDER BY "users"."id" ASC LIMIT 1
  [1m[36mUser Load (0.7ms)[0m  [1mSELECT  "users".* FROM "users"  ORDER BY "users"."id" ASC LIMIT 1[0m
  [1m[35mUser Load (0.9ms)[0m  SELECT  "users".* FROM "users"  ORDER BY "users"."id" ASC LIMIT 1
  [1m[36mUser Load (1.7ms)[0m  [1mSELECT  "users".* FROM "users"  ORDER BY "users"."id" ASC LIMIT 1[0m
  [1m[35mEndorse Exists (0.4ms)[0m  SELECT  1 AS one FROM "endorses" WHERE "endorses"."endorser_id" = $1 AND "endorses"."endorsed_id" = $2 LIMIT 1  [["endorser_id", 1], ["endorsed_id", 2]]
  [1m[36mUser Load (1.0ms)[0m  [1mSELECT  "users".* FROM "users"  ORDER BY "users"."id" DESC LIMIT 1[0m
  [1m[35mEndorse Load (0.6ms)[0m  SELECT "endorses".* FROM "endorses"
  [1m[36mUser Load (0.9ms)[0m  [1mSELECT  "users".* FROM "users"  ORDER BY "users"."id" DESC LIMIT 1[0m
  [1m[35mUser Load (1.0ms)[0m  SELECT  "users".* FROM "users"  ORDER BY "users"."id" ASC LIMIT 1
  [1m[36mEndorse Exists (0.5ms)[0m  [1mSELECT  1 AS one FROM "endorses" WHERE "endorses"."endorser_id" = $1 AND "endorses"."endorsed_id" = $2 LIMIT 1[0m  [["endorser_id", 1], ["endorsed_id", 2]]
  [1m[35mUser Load (0.9ms)[0m  SELECT  "users".* FROM "users"  ORDER BY "users"."id" ASC LIMIT 1
  [1m[36mUser Load (0.4ms)[0m  [1mSELECT  "users".* FROM "users" WHERE "users"."id" = $1 LIMIT 1[0m  [["id", 2]]
  [1m[35m (0.2ms)[0m  BEGIN
  [1m[36mEndorse Exists (0.4ms)[0m  [1mSELECT  1 AS one FROM "endorses" WHERE ("endorses"."endorser_id" = 1 AND "endorses"."endorsed_id" = 2) LIMIT 1[0m
  [1m[35m (0.2ms)[0m  ROLLBACK
  [1m[36mEndorse Exists (0.4ms)[0m  [1mSELECT  1 AS one FROM "endorses" WHERE ("endorses"."endorser_id" = 1 AND "endorses"."endorsed_id" = 2) LIMIT 1[0m
  [1m[35mEndorse Exists (0.3ms)[0m  SELECT  1 AS one FROM "endorses" WHERE ("endorses"."endorser_id" = 1 AND "endorses"."endorsed_id" = 2) LIMIT 1
  [1m[36mUser Load (1.5ms)[0m  [1mSELECT  "users".* FROM "users"  ORDER BY "users"."id" ASC LIMIT 1[0m
  [1m[35mUser Load (0.8ms)[0m  SELECT  "users".* FROM "users" WHERE "users"."id" = $1 LIMIT 1  [["id", 2]]
  [1m[36mEndorse Load (0.6ms)[0m  [1mSELECT "endorses".* FROM "endorses" WHERE "endorses"."endorser_id" = $1 AND "endorses"."endorsed_id" = $2[0m  [["endorser_id", 1], ["endorsed_id", 2]]
  [1m[35m (0.2ms)[0m  BEGIN
  [1m[36mSQL (0.6ms)[0m  [1mDELETE FROM "endorses" WHERE "endorses"."id" = $1[0m  [["id", 6]]
  [1m[35m (8.9ms)[0m  COMMIT
  [1m[36mSQL (1.3ms)[0m  [1mUPDATE "users" SET "num_endorsements" = COALESCE("num_endorsements", 0) - 1 WHERE "users"."id" = 2[0m
  [1m[35mUser Load (1.2ms)[0m  SELECT  "users".* FROM "users"  ORDER BY "users"."id" ASC LIMIT 1
  [1m[36mEndorse Exists (0.5ms)[0m  [1mSELECT  1 AS one FROM "endorses" WHERE "endorses"."endorser_id" = $1 AND "endorses"."endorsed_id" = $2 LIMIT 1[0m  [["endorser_id", 1], ["endorsed_id", 2]]
  [1m[36mUser Load (2.2ms)[0m  [1mSELECT  "users".* FROM "users"  ORDER BY "users"."id" ASC LIMIT 1[0m
  [1m[35mUser Load (2.0ms)[0m  SELECT  "users".* FROM "users"  ORDER BY "users"."id" DESC LIMIT 1
  [1m[36mUser Load (0.7ms)[0m  [1mSELECT  "users".* FROM "users"  ORDER BY "users"."id" ASC LIMIT 1[0m
  [1m[35mUser Load (0.5ms)[0m  SELECT  "users".* FROM "users" WHERE "users"."id" = $1 LIMIT 1  [["id", 2]]
  [1m[36m (0.1ms)[0m  [1mBEGIN[0m
  [1m[35mEndorse Exists (2.1ms)[0m  SELECT  1 AS one FROM "endorses" WHERE ("endorses"."endorser_id" = 1 AND "endorses"."endorsed_id" = 2) LIMIT 1
  [1m[36mSQL (5.8ms)[0m  [1mINSERT INTO "endorses" ("endorser_id", "endorsed_id", "created_at", "updated_at") VALUES ($1, $2, $3, $4) RETURNING "id"[0m  [["endorser_id", 1], ["endorsed_id", 2], ["created_at", "2015-10-17 22:25:27.864813"], ["updated_at", "2015-10-17 22:25:27.864813"]]
  [1m[35m (1.8ms)[0m  COMMIT
  [1m[36mEndorse Exists (0.7ms)[0m  [1mSELECT  1 AS one FROM "endorses" WHERE ("endorses"."endorser_id" = 1 AND "endorses"."id" != 7 AND "endorses"."endorsed_id" = 2) LIMIT 1[0m
  [1m[35mSQL (4.1ms)[0m  UPDATE "users" SET "num_endorsements" = COALESCE("num_endorsements", 0) + 1 WHERE "users"."id" = 2
  [1m[36mEndorse Exists (0.5ms)[0m  [1mSELECT  1 AS one FROM "endorses" WHERE ("endorses"."endorser_id" = 1 AND "endorses"."id" != 7 AND "endorses"."endorsed_id" = 2) LIMIT 1[0m
  [1m[35mUser Load (0.8ms)[0m  SELECT  "users".* FROM "users"  ORDER BY "users"."id" ASC LIMIT 1
  [1m[36mEndorse Exists (0.3ms)[0m  [1mSELECT  1 AS one FROM "endorses" WHERE "endorses"."endorser_id" = $1 AND "endorses"."endorsed_id" = $2 LIMIT 1[0m  [["endorser_id", 1], ["endorsed_id", 2]]
  [1m[35mUser Load (0.8ms)[0m  SELECT  "users".* FROM "users"  ORDER BY "users"."id" DESC LIMIT 1
  [1m[36mUser Load (0.9ms)[0m  [1mSELECT  "users".* FROM "users"  ORDER BY "users"."id" DESC LIMIT 1[0m
  [1m[35m (0.5ms)[0m  SELECT "endorses"."endorser_id" FROM "endorses" WHERE "endorses"."endorsed_id" = $1  [["endorsed_id", 2]]
  [1m[36mUser Load (1.2ms)[0m  [1mSELECT "users".* FROM "users" WHERE (id IN (1))[0m
  [1m[35mUser Load (1.0ms)[0m  SELECT  "users".* FROM "users"  ORDER BY "users"."id" DESC LIMIT 1
  [1m[36m (1.0ms)[0m  [1mSELECT "endorses"."endorser_id" FROM "endorses" WHERE "endorses"."endorsed_id" = $1[0m  [["endorsed_id", 2]]
  [1m[35mUser Load (0.6ms)[0m  SELECT "users".* FROM "users" WHERE (id IN (1))
  [1m[36mUser Load (1.7ms)[0m  [1mSELECT  "users".* FROM "users"  ORDER BY "users"."id" DESC LIMIT 1[0m
  [1m[35m (0.6ms)[0m  SELECT "endorses"."endorser_id" FROM "endorses" WHERE "endorses"."endorsed_id" = $1  [["endorsed_id", 2]]
  [1m[36m (0.5ms)[0m  [1mSELECT "users"."fname" FROM "users" WHERE (id IN (1))[0m
  [1m[35mUser Load (1.3ms)[0m  SELECT  "users".* FROM "users"  ORDER BY "users"."id" DESC LIMIT 1
  [1m[36m (0.4ms)[0m  [1mSELECT "endorses"."endorser_id" FROM "endorses" WHERE "endorses"."endorsed_id" = $1[0m  [["endorsed_id", 2]]
  [1m[35m (0.4ms)[0m  SELECT "users"."fname" FROM "users" WHERE (id IN (1))
  [1m[36mUser Load (1.3ms)[0m  [1mSELECT  "users".* FROM "users"  ORDER BY "users"."id" DESC LIMIT 1[0m
  [1m[35m (0.4ms)[0m  SELECT "endorses"."endorser_id" FROM "endorses" WHERE "endorses"."endorsed_id" = $1  [["endorsed_id", 2]]
  [1m[36m (0.5ms)[0m  [1mSELECT "users"."fname", "users"."lname" FROM "users" WHERE (id IN (1))[0m
  [1m[36m (17.6ms)[0m  [1mCREATE TABLE "schema_migrations" ("version" character varying NOT NULL) [0m
  [1m[35m (3.5ms)[0m  CREATE UNIQUE INDEX  "unique_schema_migrations" ON "schema_migrations"  ("version")
  [1m[36mActiveRecord::SchemaMigration Load (0.9ms)[0m  [1mSELECT "schema_migrations".* FROM "schema_migrations"[0m
Migrating to CreateUsers (20151017213251)
  [1m[35m (0.2ms)[0m  BEGIN
  [1m[36m (11.7ms)[0m  [1mCREATE TABLE "users" ("id" serial primary key, "fname" character varying, "lname" character varying, "full_name" character varying, "email" character varying, "password_digest" character varying, "num_endorsements" integer, "num_posts" integer, "created_at" timestamp NOT NULL, "updated_at" timestamp NOT NULL) [0m
  [1m[35mSQL (0.5ms)[0m  INSERT INTO "schema_migrations" ("version") VALUES ($1)  [["version", "20151017213251"]]
  [1m[36m (0.6ms)[0m  [1mCOMMIT[0m
Migrating to CreateSessions (20151017213855)
  [1m[35m (0.4ms)[0m  BEGIN
  [1m[36m (5.2ms)[0m  [1mCREATE TABLE "sessions" ("id" serial primary key, "user_id" integer, "session_code" character varying, "ip_address" character varying, "is_active" boolean, "created_at" timestamp NOT NULL, "updated_at" timestamp NOT NULL) [0m
  [1m[35mSQL (2.4ms)[0m  INSERT INTO "schema_migrations" ("version") VALUES ($1)  [["version", "20151017213855"]]
  [1m[36m (0.5ms)[0m  [1mCOMMIT[0m
Migrating to CreateEndorses (20151017221220)
  [1m[35m (0.3ms)[0m  BEGIN
  [1m[36m (3.1ms)[0m  [1mCREATE TABLE "endorses" ("id" serial primary key, "endorser_id" integer, "endorsed_id" integer, "created_at" timestamp NOT NULL, "updated_at" timestamp NOT NULL) [0m
  [1m[35mSQL (0.2ms)[0m  INSERT INTO "schema_migrations" ("version") VALUES ($1)  [["version", "20151017221220"]]
  [1m[36m (0.5ms)[0m  [1mCOMMIT[0m
  [1m[35mActiveRecord::SchemaMigration Load (0.2ms)[0m  SELECT "schema_migrations".* FROM "schema_migrations"
  [1m[36m (6.9ms)[0m  [1mSELECT t2.oid::regclass::text AS to_table, a1.attname AS column, a2.attname AS primary_key, c.conname AS name, c.confupdtype AS on_update, c.confdeltype AS on_delete
FROM pg_constraint c
JOIN pg_class t1 ON c.conrelid = t1.oid
JOIN pg_class t2 ON c.confrelid = t2.oid
JOIN pg_attribute a1 ON a1.attnum = c.conkey[1] AND a1.attrelid = t1.oid
JOIN pg_attribute a2 ON a2.attnum = c.confkey[1] AND a2.attrelid = t2.oid
JOIN pg_namespace t3 ON c.connamespace = t3.oid
WHERE c.contype = 'f'
  AND t1.relname = 'endorses'
  AND t3.nspname = ANY (current_schemas(false))
ORDER BY c.conname
[0m
  [1m[35m (6.9ms)[0m  SELECT t2.oid::regclass::text AS to_table, a1.attname AS column, a2.attname AS primary_key, c.conname AS name, c.confupdtype AS on_update, c.confdeltype AS on_delete
FROM pg_constraint c
JOIN pg_class t1 ON c.conrelid = t1.oid
JOIN pg_class t2 ON c.confrelid = t2.oid
JOIN pg_attribute a1 ON a1.attnum = c.conkey[1] AND a1.attrelid = t1.oid
JOIN pg_attribute a2 ON a2.attnum = c.confkey[1] AND a2.attrelid = t2.oid
JOIN pg_namespace t3 ON c.connamespace = t3.oid
WHERE c.contype = 'f'
  AND t1.relname = 'sessions'
  AND t3.nspname = ANY (current_schemas(false))
ORDER BY c.conname

  [1m[36m (6.3ms)[0m  [1mSELECT t2.oid::regclass::text AS to_table, a1.attname AS column, a2.attname AS primary_key, c.conname AS name, c.confupdtype AS on_update, c.confdeltype AS on_delete
FROM pg_constraint c
JOIN pg_class t1 ON c.conrelid = t1.oid
JOIN pg_class t2 ON c.confrelid = t2.oid
JOIN pg_attribute a1 ON a1.attnum = c.conkey[1] AND a1.attrelid = t1.oid
JOIN pg_attribute a2 ON a2.attnum = c.confkey[1] AND a2.attrelid = t2.oid
JOIN pg_namespace t3 ON c.connamespace = t3.oid
WHERE c.contype = 'f'
  AND t1.relname = 'users'
  AND t3.nspname = ANY (current_schemas(false))
ORDER BY c.conname
[0m
  [1m[36m (0.2ms)[0m  [1mBEGIN[0m
  [1m[35mUser Exists (1.0ms)[0m  SELECT  1 AS one FROM "users" WHERE LOWER("users"."email") = LOWER('ilan.fil@gmail.com') LIMIT 1
  [1m[36mSQL (1.6ms)[0m  [1mINSERT INTO "users" ("fname", "lname", "email", "password_digest", "created_at", "updated_at", "num_posts", "num_endorsements", "full_name") VALUES ($1, $2, $3, $4, $5, $6, $7, $8, $9) RETURNING "id"[0m  [["fname", "Ilan"], ["lname", "Filonenko"], ["email", "ilan.fil@gmail.com"], ["password_digest", "$2a$10$HYuemNI99SJ.ULG5zY3paOJjrn/1gLn0qAwXHtxy9dL1zYNhwRkgW"], ["created_at", "2015-10-17 22:29:37.699036"], ["updated_at", "2015-10-17 22:29:37.699036"], ["num_posts", 0], ["num_endorsements", 0], ["full_name", "IlanFilonenko"]]
  [1m[35m (0.9ms)[0m  COMMIT
  [1m[36mUser Load (1.2ms)[0m  [1mSELECT  "users".* FROM "users"  ORDER BY "users"."id" ASC LIMIT 1[0m
  [1m[35mUser Load (1.1ms)[0m  SELECT  "users".* FROM "users"  ORDER BY "users"."id" ASC LIMIT 1
  [1m[36m (0.2ms)[0m  [1mBEGIN[0m
  [1m[35mUser Exists (0.4ms)[0m  SELECT  1 AS one FROM "users" WHERE LOWER("users"."email") = LOWER('feifan@gmail.com') LIMIT 1
  [1m[36mSQL (0.3ms)[0m  [1mINSERT INTO "users" ("fname", "lname", "email", "password_digest", "created_at", "updated_at", "num_posts", "num_endorsements", "full_name") VALUES ($1, $2, $3, $4, $5, $6, $7, $8, $9) RETURNING "id"[0m  [["fname", "Feifan"], ["lname", ""], ["email", "feifan@gmail.com"], ["password_digest", "$2a$10$F9HGESfbCZAOUHvKK3IDGOMq77YDGRk6UTRsvtP3X0LsWxrN9lDLm"], ["created_at", "2015-10-17 22:30:16.461959"], ["updated_at", "2015-10-17 22:30:16.461959"], ["num_posts", 0], ["num_endorsements", 0], ["full_name", "Feifan"]]
  [1m[35m (8.7ms)[0m  COMMIT
  [1m[36mUser Load (0.9ms)[0m  [1mSELECT  "users".* FROM "users"  ORDER BY "users"."id" ASC LIMIT 1[0m
  [1m[35mUser Load (0.6ms)[0m  SELECT  "users".* FROM "users" WHERE "users"."id" = $1 LIMIT 1  [["id", 2]]
  [1m[36m (0.2ms)[0m  [1mBEGIN[0m
  [1m[35mEndorse Exists (1.1ms)[0m  SELECT  1 AS one FROM "endorses" WHERE ("endorses"."endorser_id" = 1 AND "endorses"."endorsed_id" = 2) LIMIT 1
  [1m[36mSQL (0.6ms)[0m  [1mINSERT INTO "endorses" ("endorser_id", "endorsed_id", "created_at", "updated_at") VALUES ($1, $2, $3, $4) RETURNING "id"[0m  [["endorser_id", 1], ["endorsed_id", 2], ["created_at", "2015-10-17 22:30:30.757176"], ["updated_at", "2015-10-17 22:30:30.757176"]]
  [1m[35m (0.4ms)[0m  COMMIT
  [1m[36mEndorse Exists (0.7ms)[0m  [1mSELECT  1 AS one FROM "endorses" WHERE ("endorses"."endorser_id" = 1 AND "endorses"."id" != 1 AND "endorses"."endorsed_id" = 2) LIMIT 1[0m
  [1m[35mSQL (1.5ms)[0m  UPDATE "users" SET "num_endorsements" = COALESCE("num_endorsements", 0) + 1 WHERE "users"."id" = 2
  [1m[36mEndorse Exists (0.5ms)[0m  [1mSELECT  1 AS one FROM "endorses" WHERE ("endorses"."endorser_id" = 1 AND "endorses"."id" != 1 AND "endorses"."endorsed_id" = 2) LIMIT 1[0m
  [1m[35mUser Load (0.7ms)[0m  SELECT  "users".* FROM "users"  ORDER BY "users"."id" ASC LIMIT 1
  [1m[36mEndorse Exists (0.3ms)[0m  [1mSELECT  1 AS one FROM "endorses" WHERE "endorses"."endorser_id" = $1 AND "endorses"."endorsed_id" = $2 LIMIT 1[0m  [["endorser_id", 1], ["endorsed_id", 2]]
  [1m[35mUser Load (1.0ms)[0m  SELECT  "users".* FROM "users"  ORDER BY "users"."id" DESC LIMIT 1
  [1m[36mUser Load (1.0ms)[0m  [1mSELECT  "users".* FROM "users"  ORDER BY "users"."id" DESC LIMIT 1[0m
  [1m[35m (0.4ms)[0m  SELECT "endorses"."endorser_id" FROM "endorses" WHERE "endorses"."endorsed_id" = $1  [["endorsed_id", 2]]
  [1m[36m (0.8ms)[0m  [1mSELECT "users"."full_name" FROM "users" WHERE (id IN (1))[0m
  [1m[35mUser Load (1.0ms)[0m  SELECT  "users".* FROM "users"  ORDER BY "users"."id" DESC LIMIT 1
  [1m[36m (0.3ms)[0m  [1mSELECT "endorses"."endorser_id" FROM "endorses" WHERE "endorses"."endorsed_id" = $1[0m  [["endorsed_id", 2]]
  [1m[35m (0.5ms)[0m  SELECT "users"."full_name" FROM "users" WHERE (id IN (1))
  [1m[36mUser Load (1.2ms)[0m  [1mSELECT  "users".* FROM "users"  ORDER BY "users"."id" DESC LIMIT 1[0m
  [1m[35m (0.6ms)[0m  SELECT "endorses"."endorser_id" FROM "endorses" WHERE "endorses"."endorsed_id" = $1  [["endorsed_id", 2]]
  [1m[36m (0.4ms)[0m  [1mSELECT "users"."full_name", "users"."id" FROM "users" WHERE (id IN (1))[0m
  [1m[36mActiveRecord::SchemaMigration Load (0.6ms)[0m  [1mSELECT "schema_migrations".* FROM "schema_migrations"[0m
Migrating to CreateLikes (20151017223223)
  [1m[35m (0.1ms)[0m  BEGIN
  [1m[36m (7.5ms)[0m  [1mCREATE TABLE "likes" ("id" serial primary key, "post_id" integer, "user_id" integer, "created_at" timestamp NOT NULL, "updated_at" timestamp NOT NULL) [0m
  [1m[35mSQL (0.6ms)[0m  INSERT INTO "schema_migrations" ("version") VALUES ($1)  [["version", "20151017223223"]]
  [1m[36m (0.7ms)[0m  [1mCOMMIT[0m
  [1m[35mActiveRecord::SchemaMigration Load (0.3ms)[0m  SELECT "schema_migrations".* FROM "schema_migrations"
  [1m[36m (4.7ms)[0m  [1mSELECT t2.oid::regclass::text AS to_table, a1.attname AS column, a2.attname AS primary_key, c.conname AS name, c.confupdtype AS on_update, c.confdeltype AS on_delete
FROM pg_constraint c
JOIN pg_class t1 ON c.conrelid = t1.oid
JOIN pg_class t2 ON c.confrelid = t2.oid
JOIN pg_attribute a1 ON a1.attnum = c.conkey[1] AND a1.attrelid = t1.oid
JOIN pg_attribute a2 ON a2.attnum = c.confkey[1] AND a2.attrelid = t2.oid
JOIN pg_namespace t3 ON c.connamespace = t3.oid
WHERE c.contype = 'f'
  AND t1.relname = 'endorses'
  AND t3.nspname = ANY (current_schemas(false))
ORDER BY c.conname
[0m
  [1m[35m (3.9ms)[0m  SELECT t2.oid::regclass::text AS to_table, a1.attname AS column, a2.attname AS primary_key, c.conname AS name, c.confupdtype AS on_update, c.confdeltype AS on_delete
FROM pg_constraint c
JOIN pg_class t1 ON c.conrelid = t1.oid
JOIN pg_class t2 ON c.confrelid = t2.oid
JOIN pg_attribute a1 ON a1.attnum = c.conkey[1] AND a1.attrelid = t1.oid
JOIN pg_attribute a2 ON a2.attnum = c.confkey[1] AND a2.attrelid = t2.oid
JOIN pg_namespace t3 ON c.connamespace = t3.oid
WHERE c.contype = 'f'
  AND t1.relname = 'likes'
  AND t3.nspname = ANY (current_schemas(false))
ORDER BY c.conname

  [1m[36m (3.9ms)[0m  [1mSELECT t2.oid::regclass::text AS to_table, a1.attname AS column, a2.attname AS primary_key, c.conname AS name, c.confupdtype AS on_update, c.confdeltype AS on_delete
FROM pg_constraint c
JOIN pg_class t1 ON c.conrelid = t1.oid
JOIN pg_class t2 ON c.confrelid = t2.oid
JOIN pg_attribute a1 ON a1.attnum = c.conkey[1] AND a1.attrelid = t1.oid
JOIN pg_attribute a2 ON a2.attnum = c.confkey[1] AND a2.attrelid = t2.oid
JOIN pg_namespace t3 ON c.connamespace = t3.oid
WHERE c.contype = 'f'
  AND t1.relname = 'sessions'
  AND t3.nspname = ANY (current_schemas(false))
ORDER BY c.conname
[0m
  [1m[35m (4.1ms)[0m  SELECT t2.oid::regclass::text AS to_table, a1.attname AS column, a2.attname AS primary_key, c.conname AS name, c.confupdtype AS on_update, c.confdeltype AS on_delete
FROM pg_constraint c
JOIN pg_class t1 ON c.conrelid = t1.oid
JOIN pg_class t2 ON c.confrelid = t2.oid
JOIN pg_attribute a1 ON a1.attnum = c.conkey[1] AND a1.attrelid = t1.oid
JOIN pg_attribute a2 ON a2.attnum = c.confkey[1] AND a2.attrelid = t2.oid
JOIN pg_namespace t3 ON c.connamespace = t3.oid
WHERE c.contype = 'f'
  AND t1.relname = 'users'
  AND t3.nspname = ANY (current_schemas(false))
ORDER BY c.conname

  [1m[36mActiveRecord::SchemaMigration Load (0.6ms)[0m  [1mSELECT "schema_migrations".* FROM "schema_migrations"[0m
Migrating to CreatePosts (20151017223746)
  [1m[35m (0.2ms)[0m  BEGIN
  [1m[36m (10.7ms)[0m  [1mCREATE TABLE "posts" ("id" serial primary key, "like_count" integer, "user_id" integer, "created_at" timestamp NOT NULL, "updated_at" timestamp NOT NULL) [0m
  [1m[35mSQL (0.5ms)[0m  INSERT INTO "schema_migrations" ("version") VALUES ($1)  [["version", "20151017223746"]]
  [1m[36m (1.7ms)[0m  [1mCOMMIT[0m
  [1m[35mActiveRecord::SchemaMigration Load (0.4ms)[0m  SELECT "schema_migrations".* FROM "schema_migrations"
  [1m[36m (4.8ms)[0m  [1mSELECT t2.oid::regclass::text AS to_table, a1.attname AS column, a2.attname AS primary_key, c.conname AS name, c.confupdtype AS on_update, c.confdeltype AS on_delete
FROM pg_constraint c
JOIN pg_class t1 ON c.conrelid = t1.oid
JOIN pg_class t2 ON c.confrelid = t2.oid
JOIN pg_attribute a1 ON a1.attnum = c.conkey[1] AND a1.attrelid = t1.oid
JOIN pg_attribute a2 ON a2.attnum = c.confkey[1] AND a2.attrelid = t2.oid
JOIN pg_namespace t3 ON c.connamespace = t3.oid
WHERE c.contype = 'f'
  AND t1.relname = 'endorses'
  AND t3.nspname = ANY (current_schemas(false))
ORDER BY c.conname
[0m
  [1m[35m (4.1ms)[0m  SELECT t2.oid::regclass::text AS to_table, a1.attname AS column, a2.attname AS primary_key, c.conname AS name, c.confupdtype AS on_update, c.confdeltype AS on_delete
FROM pg_constraint c
JOIN pg_class t1 ON c.conrelid = t1.oid
JOIN pg_class t2 ON c.confrelid = t2.oid
JOIN pg_attribute a1 ON a1.attnum = c.conkey[1] AND a1.attrelid = t1.oid
JOIN pg_attribute a2 ON a2.attnum = c.confkey[1] AND a2.attrelid = t2.oid
JOIN pg_namespace t3 ON c.connamespace = t3.oid
WHERE c.contype = 'f'
  AND t1.relname = 'likes'
  AND t3.nspname = ANY (current_schemas(false))
ORDER BY c.conname

  [1m[36m (3.9ms)[0m  [1mSELECT t2.oid::regclass::text AS to_table, a1.attname AS column, a2.attname AS primary_key, c.conname AS name, c.confupdtype AS on_update, c.confdeltype AS on_delete
FROM pg_constraint c
JOIN pg_class t1 ON c.conrelid = t1.oid
JOIN pg_class t2 ON c.confrelid = t2.oid
JOIN pg_attribute a1 ON a1.attnum = c.conkey[1] AND a1.attrelid = t1.oid
JOIN pg_attribute a2 ON a2.attnum = c.confkey[1] AND a2.attrelid = t2.oid
JOIN pg_namespace t3 ON c.connamespace = t3.oid
WHERE c.contype = 'f'
  AND t1.relname = 'posts'
  AND t3.nspname = ANY (current_schemas(false))
ORDER BY c.conname
[0m
  [1m[35m (4.1ms)[0m  SELECT t2.oid::regclass::text AS to_table, a1.attname AS column, a2.attname AS primary_key, c.conname AS name, c.confupdtype AS on_update, c.confdeltype AS on_delete
FROM pg_constraint c
JOIN pg_class t1 ON c.conrelid = t1.oid
JOIN pg_class t2 ON c.confrelid = t2.oid
JOIN pg_attribute a1 ON a1.attnum = c.conkey[1] AND a1.attrelid = t1.oid
JOIN pg_attribute a2 ON a2.attnum = c.confkey[1] AND a2.attrelid = t2.oid
JOIN pg_namespace t3 ON c.connamespace = t3.oid
WHERE c.contype = 'f'
  AND t1.relname = 'sessions'
  AND t3.nspname = ANY (current_schemas(false))
ORDER BY c.conname

  [1m[36m (4.5ms)[0m  [1mSELECT t2.oid::regclass::text AS to_table, a1.attname AS column, a2.attname AS primary_key, c.conname AS name, c.confupdtype AS on_update, c.confdeltype AS on_delete
FROM pg_constraint c
JOIN pg_class t1 ON c.conrelid = t1.oid
JOIN pg_class t2 ON c.confrelid = t2.oid
JOIN pg_attribute a1 ON a1.attnum = c.conkey[1] AND a1.attrelid = t1.oid
JOIN pg_attribute a2 ON a2.attnum = c.confkey[1] AND a2.attrelid = t2.oid
JOIN pg_namespace t3 ON c.connamespace = t3.oid
WHERE c.contype = 'f'
  AND t1.relname = 'users'
  AND t3.nspname = ANY (current_schemas(false))
ORDER BY c.conname
[0m
  [1m[36mUser Load (1.2ms)[0m  [1mSELECT "users".* FROM "users"[0m
  [1m[35mPost Load (1.4ms)[0m  SELECT "posts".* FROM "posts"
  [1m[36m (0.2ms)[0m  [1mBEGIN[0m
  [1m[35m (0.2ms)[0m  ROLLBACK
  [1m[36m (0.2ms)[0m  [1mBEGIN[0m
  [1m[35m (0.2ms)[0m  ROLLBACK
  [1m[36mPost Load (0.7ms)[0m  [1mSELECT "posts".* FROM "posts"[0m
  [1m[35m (0.3ms)[0m  BEGIN
  [1m[36m (0.2ms)[0m  [1mROLLBACK[0m
  [1m[36m (0.2ms)[0m  [1mBEGIN[0m
  [1m[35mSQL (5.8ms)[0m  INSERT INTO "posts" ("user_id", "created_at", "updated_at", "like_count") VALUES ($1, $2, $3, $4) RETURNING "id"  [["user_id", 1], ["created_at", "2015-10-17 22:47:36.484100"], ["updated_at", "2015-10-17 22:47:36.484100"], ["like_count", 0]]
  [1m[36m (1.6ms)[0m  [1mCOMMIT[0m
  [1m[35mPost Load (0.8ms)[0m  SELECT "posts".* FROM "posts"
  [1m[36mPost Load (0.7ms)[0m  [1mSELECT "posts".* FROM "posts"[0m
  [1m[35mUser Load (1.8ms)[0m  SELECT  "users".* FROM "users"  ORDER BY "users"."id" ASC LIMIT 1
  [1m[36mPost Load (0.3ms)[0m  [1mSELECT  "posts".* FROM "posts" WHERE "posts"."id" = $1 LIMIT 1[0m  [["id", 1]]
  [1m[35m (0.2ms)[0m  BEGIN
  [1m[36mLike Exists (2.5ms)[0m  [1mSELECT  1 AS one FROM "likes" WHERE ("likes"."user_id" = 1 AND "likes"."post_id" = 1) LIMIT 1[0m
  [1m[35mSQL (0.7ms)[0m  INSERT INTO "likes" ("post_id", "user_id", "created_at", "updated_at") VALUES ($1, $2, $3, $4) RETURNING "id"  [["post_id", 1], ["user_id", 1], ["created_at", "2015-10-17 22:48:43.610267"], ["updated_at", "2015-10-17 22:48:43.610267"]]
  [1m[36m (0.5ms)[0m  [1mCOMMIT[0m
  [1m[35mLike Exists (0.7ms)[0m  SELECT  1 AS one FROM "likes" WHERE ("likes"."user_id" = 1 AND "likes"."id" != 1 AND "likes"."post_id" = 1) LIMIT 1
  [1m[36mSQL (2.6ms)[0m  [1mUPDATE "users" SET "like_count" = COALESCE("like_count", 0) + 1 WHERE "users"."id" = 1[0m
PG::UndefinedColumn: ERROR:  column "like_count" does not exist
LINE 1: UPDATE "users" SET "like_count" = COALESCE("like_count", 0) ...
                                                   ^
: UPDATE "users" SET "like_count" = COALESCE("like_count", 0) + 1 WHERE "users"."id" = 1
  [1m[36mPost Load (0.6ms)[0m  [1mSELECT "posts".* FROM "posts"[0m
  [1m[35mUser Load (1.2ms)[0m  SELECT  "users".* FROM "users"  ORDER BY "users"."id" ASC LIMIT 1
  [1m[36mPost Load (0.4ms)[0m  [1mSELECT  "posts".* FROM "posts" WHERE "posts"."id" = $1 LIMIT 1[0m  [["id", 1]]
  [1m[35m (0.2ms)[0m  BEGIN
  [1m[36mLike Exists (1.0ms)[0m  [1mSELECT  1 AS one FROM "likes" WHERE ("likes"."user_id" = 1 AND "likes"."post_id" = 1) LIMIT 1[0m
  [1m[35m (0.3ms)[0m  ROLLBACK
  [1m[36mLike Exists (0.7ms)[0m  [1mSELECT  1 AS one FROM "likes" WHERE ("likes"."user_id" = 1 AND "likes"."post_id" = 1) LIMIT 1[0m
  [1m[35mLike Exists (0.5ms)[0m  SELECT  1 AS one FROM "likes" WHERE ("likes"."user_id" = 1 AND "likes"."post_id" = 1) LIMIT 1
  [1m[36mPost Load (1.0ms)[0m  [1mSELECT  "posts".* FROM "posts"  ORDER BY "posts"."id" ASC LIMIT 1[0m
  [1m[35mUser Load (1.2ms)[0m  SELECT  "users".* FROM "users"  ORDER BY "users"."id" DESC LIMIT 1
  [1m[36mUser Load (0.9ms)[0m  [1mSELECT  "users".* FROM "users"  ORDER BY "users"."id" DESC LIMIT 1[0m
  [1m[35mPost Load (0.5ms)[0m  SELECT  "posts".* FROM "posts" WHERE "posts"."id" = $1 LIMIT 1  [["id", 1]]
  [1m[36m (0.2ms)[0m  [1mBEGIN[0m
  [1m[35mLike Exists (0.4ms)[0m  SELECT  1 AS one FROM "likes" WHERE ("likes"."user_id" = 2 AND "likes"."post_id" = 1) LIMIT 1
  [1m[36mSQL (0.5ms)[0m  [1mINSERT INTO "likes" ("post_id", "user_id", "created_at", "updated_at") VALUES ($1, $2, $3, $4) RETURNING "id"[0m  [["post_id", 1], ["user_id", 2], ["created_at", "2015-10-17 22:51:04.747369"], ["updated_at", "2015-10-17 22:51:04.747369"]]
  [1m[35m (8.4ms)[0m  COMMIT
  [1m[36mLike Exists (0.7ms)[0m  [1mSELECT  1 AS one FROM "likes" WHERE ("likes"."user_id" = 2 AND "likes"."id" != 2 AND "likes"."post_id" = 1) LIMIT 1[0m
  [1m[35mSQL (2.2ms)[0m  UPDATE "posts" SET "like_count" = COALESCE("like_count", 0) + 1 WHERE "posts"."id" = 1
  [1m[36mLike Exists (0.7ms)[0m  [1mSELECT  1 AS one FROM "likes" WHERE ("likes"."user_id" = 2 AND "likes"."id" != 2 AND "likes"."post_id" = 1) LIMIT 1[0m
  [1m[35mPost Load (0.7ms)[0m  SELECT "posts".* FROM "posts"
  [1m[36mUser Load (0.9ms)[0m  [1mSELECT  "users".* FROM "users"  ORDER BY "users"."id" ASC LIMIT 1[0m
  [1m[35mPost Load (0.5ms)[0m  SELECT  "posts".* FROM "posts" WHERE "posts"."id" = $1 LIMIT 1  [["id", 1]]
  [1m[36mLike Load (0.5ms)[0m  [1mSELECT "likes".* FROM "likes" WHERE "likes"."user_id" = $1 AND "likes"."post_id" = $2[0m  [["user_id", 1], ["post_id", 1]]
  [1m[35m (0.1ms)[0m  BEGIN
  [1m[36mSQL (0.3ms)[0m  [1mDELETE FROM "likes" WHERE "likes"."id" = $1[0m  [["id", 1]]
  [1m[35m (8.3ms)[0m  COMMIT
  [1m[36mSQL (0.9ms)[0m  [1mUPDATE "posts" SET "like_count" = COALESCE("like_count", 0) - 1 WHERE "posts"."id" = 1[0m
  [1m[35mPost Load (0.7ms)[0m  SELECT "posts".* FROM "posts"
  [1m[36mLike Load (0.4ms)[0m  [1mSELECT "likes".* FROM "likes"[0m
  [1m[35mUser Load (1.0ms)[0m  SELECT  "users".* FROM "users"  ORDER BY "users"."id" ASC LIMIT 1
  [1m[36mPost Load (0.5ms)[0m  [1mSELECT  "posts".* FROM "posts" WHERE "posts"."id" = $1 LIMIT 1[0m  [["id", 1]]
  [1m[35m (0.2ms)[0m  BEGIN
  [1m[36mLike Exists (0.7ms)[0m  [1mSELECT  1 AS one FROM "likes" WHERE ("likes"."user_id" = 1 AND "likes"."post_id" = 1) LIMIT 1[0m
  [1m[35mSQL (0.4ms)[0m  INSERT INTO "likes" ("post_id", "user_id", "created_at", "updated_at") VALUES ($1, $2, $3, $4) RETURNING "id"  [["post_id", 1], ["user_id", 1], ["created_at", "2015-10-17 22:51:33.617927"], ["updated_at", "2015-10-17 22:51:33.617927"]]
  [1m[36m (7.7ms)[0m  [1mCOMMIT[0m
  [1m[35mLike Exists (0.6ms)[0m  SELECT  1 AS one FROM "likes" WHERE ("likes"."user_id" = 1 AND "likes"."id" != 3 AND "likes"."post_id" = 1) LIMIT 1
  [1m[36mSQL (0.8ms)[0m  [1mUPDATE "posts" SET "like_count" = COALESCE("like_count", 0) + 1 WHERE "posts"."id" = 1[0m
  [1m[35mLike Exists (0.4ms)[0m  SELECT  1 AS one FROM "likes" WHERE ("likes"."user_id" = 1 AND "likes"."id" != 3 AND "likes"."post_id" = 1) LIMIT 1
  [1m[36mPost Load (0.7ms)[0m  [1mSELECT "posts".* FROM "posts"[0m
  [1m[35mPost Load (0.7ms)[0m  SELECT "posts".* FROM "posts"
  [1m[36m (0.2ms)[0m  [1mBEGIN[0m
  [1m[35mSQL (0.6ms)[0m  DELETE FROM "posts" WHERE "posts"."id" = $1  [["id", 1]]
  [1m[36m (8.4ms)[0m  [1mCOMMIT[0m
  [1m[35mPost Load (0.7ms)[0m  SELECT "posts".* FROM "posts"
  [1m[36mLike Load (0.8ms)[0m  [1mSELECT "likes".* FROM "likes"[0m
  [1m[35mLike Load (0.4ms)[0m  SELECT "likes".* FROM "likes"
  [1m[36m (0.2ms)[0m  [1mBEGIN[0m
  [1m[35mSQL (0.4ms)[0m  DELETE FROM "likes" WHERE "likes"."id" = $1  [["id", 2]]
  [1m[36m (3.9ms)[0m  [1mCOMMIT[0m
  [1m[35m (0.1ms)[0m  BEGIN
  [1m[36mSQL (0.3ms)[0m  [1mDELETE FROM "likes" WHERE "likes"."id" = $1[0m  [["id", 3]]
  [1m[35m (0.3ms)[0m  COMMIT
  [1m[36mUser Load (0.6ms)[0m  [1mSELECT "users".* FROM "users"[0m
  [1m[35mLike Load (0.7ms)[0m  SELECT "likes".* FROM "likes"
  [1m[36mPost Load (0.9ms)[0m  [1mSELECT "posts".* FROM "posts"[0m
  [1m[35m (0.2ms)[0m  BEGIN
  [1m[36mSQL (0.5ms)[0m  [1mINSERT INTO "posts" ("user_id", "created_at", "updated_at", "like_count") VALUES ($1, $2, $3, $4) RETURNING "id"[0m  [["user_id", 1], ["created_at", "2015-10-17 22:52:25.218248"], ["updated_at", "2015-10-17 22:52:25.218248"], ["like_count", 0]]
  [1m[35m (0.5ms)[0m  COMMIT
  [1m[36mUser Load (1.2ms)[0m  [1mSELECT  "users".* FROM "users"  ORDER BY "users"."id" ASC LIMIT 1[0m
  [1m[35mPost Load (0.3ms)[0m  SELECT  "posts".* FROM "posts" WHERE "posts"."id" = $1 LIMIT 1  [["id", 1]]
  [1m[36mUser Load (0.8ms)[0m  [1mSELECT  "users".* FROM "users"  ORDER BY "users"."id" ASC LIMIT 1[0m
  [1m[35mPost Load (0.5ms)[0m  SELECT  "posts".* FROM "posts" WHERE "posts"."id" = $1 LIMIT 1  [["id", 2]]
  [1m[36m (0.2ms)[0m  [1mBEGIN[0m
  [1m[35mLike Exists (0.5ms)[0m  SELECT  1 AS one FROM "likes" WHERE ("likes"."user_id" = 1 AND "likes"."post_id" = 2) LIMIT 1
  [1m[36mSQL (0.4ms)[0m  [1mINSERT INTO "likes" ("post_id", "user_id", "created_at", "updated_at") VALUES ($1, $2, $3, $4) RETURNING "id"[0m  [["post_id", 2], ["user_id", 1], ["created_at", "2015-10-17 22:52:33.473731"], ["updated_at", "2015-10-17 22:52:33.473731"]]
  [1m[35m (0.4ms)[0m  COMMIT
  [1m[36mLike Exists (0.7ms)[0m  [1mSELECT  1 AS one FROM "likes" WHERE ("likes"."user_id" = 1 AND "likes"."id" != 4 AND "likes"."post_id" = 2) LIMIT 1[0m
  [1m[35mSQL (0.8ms)[0m  UPDATE "posts" SET "like_count" = COALESCE("like_count", 0) + 1 WHERE "posts"."id" = 2
  [1m[36mLike Exists (0.4ms)[0m  [1mSELECT  1 AS one FROM "likes" WHERE ("likes"."user_id" = 1 AND "likes"."id" != 4 AND "likes"."post_id" = 2) LIMIT 1[0m
  [1m[35mUser Load (0.9ms)[0m  SELECT  "users".* FROM "users"  ORDER BY "users"."id" ASC LIMIT 1
  [1m[36mPost Load (0.5ms)[0m  [1mSELECT  "posts".* FROM "posts" WHERE "posts"."id" = $1 LIMIT 1[0m  [["id", 2]]
  [1m[35mLike Load (0.6ms)[0m  SELECT "likes".* FROM "likes" WHERE "likes"."user_id" = $1 AND "likes"."post_id" = $2  [["user_id", 1], ["post_id", 2]]
  [1m[36m (0.2ms)[0m  [1mBEGIN[0m
  [1m[35mSQL (0.4ms)[0m  DELETE FROM "likes" WHERE "likes"."id" = $1  [["id", 4]]
  [1m[36m (8.4ms)[0m  [1mCOMMIT[0m
  [1m[35mSQL (0.7ms)[0m  UPDATE "posts" SET "like_count" = COALESCE("like_count", 0) - 1 WHERE "posts"."id" = 2
  [1m[36mUser Load (0.7ms)[0m  [1mSELECT  "users".* FROM "users"  ORDER BY "users"."id" ASC LIMIT 1[0m
  [1m[35mPost Load (0.7ms)[0m  SELECT  "posts".* FROM "posts"  ORDER BY "posts"."id" ASC LIMIT 1
  [1m[36mUser Load (0.9ms)[0m  [1mSELECT  "users".* FROM "users"  ORDER BY "users"."id" ASC LIMIT 1[0m
  [1m[35mPost Load (0.5ms)[0m  SELECT  "posts".* FROM "posts" WHERE "posts"."id" = $1 LIMIT 1  [["id", 2]]
  [1m[36m (0.2ms)[0m  [1mBEGIN[0m
  [1m[35mLike Exists (0.5ms)[0m  SELECT  1 AS one FROM "likes" WHERE ("likes"."user_id" = 1 AND "likes"."post_id" = 2) LIMIT 1
  [1m[36mSQL (0.4ms)[0m  [1mINSERT INTO "likes" ("post_id", "user_id", "created_at", "updated_at") VALUES ($1, $2, $3, $4) RETURNING "id"[0m  [["post_id", 2], ["user_id", 1], ["created_at", "2015-10-17 22:52:47.379818"], ["updated_at", "2015-10-17 22:52:47.379818"]]
  [1m[35m (8.3ms)[0m  COMMIT
  [1m[36mLike Exists (0.4ms)[0m  [1mSELECT  1 AS one FROM "likes" WHERE ("likes"."user_id" = 1 AND "likes"."id" != 5 AND "likes"."post_id" = 2) LIMIT 1[0m
  [1m[35mSQL (0.5ms)[0m  UPDATE "posts" SET "like_count" = COALESCE("like_count", 0) + 1 WHERE "posts"."id" = 2
  [1m[36mLike Exists (0.4ms)[0m  [1mSELECT  1 AS one FROM "likes" WHERE ("likes"."user_id" = 1 AND "likes"."id" != 5 AND "likes"."post_id" = 2) LIMIT 1[0m
  [1m[35mPost Load (0.8ms)[0m  SELECT  "posts".* FROM "posts"  ORDER BY "posts"."id" ASC LIMIT 1
  [1m[36mUser Load (1.0ms)[0m  [1mSELECT  "users".* FROM "users"  ORDER BY "users"."id" DESC LIMIT 1[0m
  [1m[35mPost Load (0.5ms)[0m  SELECT  "posts".* FROM "posts" WHERE "posts"."id" = $1 LIMIT 1  [["id", 2]]
  [1m[36m (0.2ms)[0m  [1mBEGIN[0m
  [1m[35mLike Exists (0.5ms)[0m  SELECT  1 AS one FROM "likes" WHERE ("likes"."user_id" = 2 AND "likes"."post_id" = 2) LIMIT 1
  [1m[36mSQL (0.3ms)[0m  [1mINSERT INTO "likes" ("post_id", "user_id", "created_at", "updated_at") VALUES ($1, $2, $3, $4) RETURNING "id"[0m  [["post_id", 2], ["user_id", 2], ["created_at", "2015-10-17 22:52:53.456187"], ["updated_at", "2015-10-17 22:52:53.456187"]]
  [1m[35m (8.3ms)[0m  COMMIT
  [1m[36mLike Exists (0.7ms)[0m  [1mSELECT  1 AS one FROM "likes" WHERE ("likes"."user_id" = 2 AND "likes"."id" != 6 AND "likes"."post_id" = 2) LIMIT 1[0m
  [1m[35mSQL (0.7ms)[0m  UPDATE "posts" SET "like_count" = COALESCE("like_count", 0) + 1 WHERE "posts"."id" = 2
  [1m[36mLike Exists (0.4ms)[0m  [1mSELECT  1 AS one FROM "likes" WHERE ("likes"."user_id" = 2 AND "likes"."id" != 6 AND "likes"."post_id" = 2) LIMIT 1[0m
  [1m[35mPost Load (0.9ms)[0m  SELECT  "posts".* FROM "posts"  ORDER BY "posts"."id" ASC LIMIT 1
  [1m[36mUser Load (0.7ms)[0m  [1mSELECT  "users".* FROM "users"  ORDER BY "users"."id" DESC LIMIT 1[0m
  [1m[35mPost Load (0.4ms)[0m  SELECT  "posts".* FROM "posts" WHERE "posts"."id" = $1 LIMIT 1  [["id", 2]]
  [1m[36mLike Load (0.4ms)[0m  [1mSELECT "likes".* FROM "likes" WHERE "likes"."user_id" = $1 AND "likes"."post_id" = $2[0m  [["user_id", 2], ["post_id", 2]]
  [1m[35m (0.1ms)[0m  BEGIN
  [1m[36mSQL (0.3ms)[0m  [1mDELETE FROM "likes" WHERE "likes"."id" = $1[0m  [["id", 6]]
  [1m[35m (8.3ms)[0m  COMMIT
  [1m[36mSQL (0.6ms)[0m  [1mUPDATE "posts" SET "like_count" = COALESCE("like_count", 0) - 1 WHERE "posts"."id" = 2[0m
  [1m[35mPost Load (0.9ms)[0m  SELECT  "posts".* FROM "posts"  ORDER BY "posts"."id" ASC LIMIT 1
  [1m[36mUser Load (1.1ms)[0m  [1mSELECT  "users".* FROM "users"  ORDER BY "users"."id" ASC LIMIT 1[0m
  [1m[35mPost Load (0.3ms)[0m  SELECT  "posts".* FROM "posts" WHERE "posts"."id" = $1 LIMIT 1  [["id", 2]]
  [1m[36mLike Load (0.6ms)[0m  [1mSELECT "likes".* FROM "likes" WHERE "likes"."user_id" = $1 AND "likes"."post_id" = $2[0m  [["user_id", 1], ["post_id", 2]]
  [1m[35m (0.2ms)[0m  BEGIN
  [1m[36mSQL (0.4ms)[0m  [1mDELETE FROM "likes" WHERE "likes"."id" = $1[0m  [["id", 5]]
  [1m[35m (2.4ms)[0m  COMMIT
  [1m[36mSQL (0.8ms)[0m  [1mUPDATE "posts" SET "like_count" = COALESCE("like_count", 0) - 1 WHERE "posts"."id" = 2[0m
  [1m[35mPost Load (0.6ms)[0m  SELECT  "posts".* FROM "posts"  ORDER BY "posts"."id" ASC LIMIT 1
